#
# There is insufficient memory for the Java Runtime Environment to continue.
# Native memory allocation (malloc) failed to allocate 1506096 bytes for Chunk::new
# Possible reasons:
#   The system is out of physical RAM or swap space
#   The process is running with CompressedOops enabled, and the Java Heap may be blocking the growth of the native heap
# Possible solutions:
#   Reduce memory load on the system
#   Increase physical memory or swap space
#   Check if swap backing store is full
#   Decrease Java heap size (-Xmx/-Xms)
#   Decrease number of Java threads
#   Decrease Java thread stack sizes (-Xss)
#   Set larger code cache with -XX:ReservedCodeCacheSize=
#   JVM is running with Unscaled Compressed Oops mode in which the Java heap is
#     placed in the first 4GB address space. The Java Heap base address is the
#     maximum limit for the native heap growth. Please use -XX:HeapBaseMinAddress
#     to set the Java Heap base and to place the Java Heap above 4GB virtual address.
# This output file may be truncated or incomplete.
#
#  Out of Memory Error (./src/hotspot/share/memory/arena.cpp:197), pid=14008, tid=4808
#
# JRE version: OpenJDK Runtime Environment Corretto-11.0.14.10.1 (11.0.14.1+10) (build 11.0.14.1+10-LTS)
# Java VM: OpenJDK 64-Bit Server VM Corretto-11.0.14.10.1 (11.0.14.1+10-LTS, mixed mode, tiered, compressed oops, g1 gc, windows-amd64)
# No core dump will be written. Minidumps are not enabled by default on client versions of Windows
#

---------------  S U M M A R Y ------------

Command Line: --add-opens=java.base/java.util=ALL-UNNAMED --add-opens=java.base/java.lang=ALL-UNNAMED --add-opens=java.base/java.lang.invoke=ALL-UNNAMED --add-opens=java.base/java.util=ALL-UNNAMED --add-opens=java.prefs/java.util.prefs=ALL-UNNAMED --add-opens=java.prefs/java.util.prefs=ALL-UNNAMED --add-opens=java.base/java.nio.charset=ALL-UNNAMED --add-opens=java.base/java.net=ALL-UNNAMED --add-opens=java.base/java.util.concurrent.atomic=ALL-UNNAMED -XX:MaxMetaspaceSize=256m -XX:+HeapDumpOnOutOfMemoryError -Xms256m -Xmx512m -Dfile.encoding=windows-1252 -Duser.country=GB -Duser.language=en -Duser.variant org.gradle.launcher.daemon.bootstrap.GradleDaemon 7.1

Host: Intel(R) Core(TM) i5-6300U CPU @ 2.40GHz, 4 cores, 7G,  Windows 11 , 64 bit Build 22000 (10.0.22000.434)
Time: Tue Mar  8 16:02:15 2022 E. Africa Standard Time elapsed time: 2553.997667 seconds (0d 0h 42m 33s)

---------------  T H R E A D  ---------------

Current thread (0x000002d1fd56c000):  JavaThread "C2 CompilerThread0" daemon [_thread_in_native, id=4808, stack(0x000000e1beb00000,0x000000e1bec00000)]


Current CompileTask:
C2:2553997 22960       4       org.codehaus.groovy.reflection.ParameterTypes::getParameterTypes (16 bytes)

Stack: [0x000000e1beb00000,0x000000e1bec00000]
Native frames: (J=compiled Java code, j=interpreted, Vv=VM code, C=native code)
V  [jvm.dll+0x61e62a]
V  [jvm.dll+0x7ab569]
V  [jvm.dll+0x7acc58]
V  [jvm.dll+0x7ad333]
V  [jvm.dll+0x24f7f8]
V  [jvm.dll+0xc260c]
V  [jvm.dll+0xc2bcc]
V  [jvm.dll+0x359a97]
V  [jvm.dll+0x325a13]
V  [jvm.dll+0x324d4a]
V  [jvm.dll+0x208c35]
V  [jvm.dll+0x207e1d]
V  [jvm.dll+0x18a2d1]
V  [jvm.dll+0x217574]
V  [jvm.dll+0x2157bb]
V  [jvm.dll+0x76e0c0]
V  [jvm.dll+0x767024]
V  [jvm.dll+0x61d486]
C  [ucrtbase.dll+0x26c0c]
C  [KERNEL32.DLL+0x154e0]
C  [ntdll.dll+0x485b]


---------------  P R O C E S S  ---------------

Threads class SMR info:
_java_thread_list=0x000002d1a9a97590, length=82, elements={
0x000002d1f94ee000, 0x000002d1fd542000, 0x000002d1fd544800, 0x000002d1fd567800,
0x000002d1fd568000, 0x000002d1fd569000, 0x000002d1fd56c000, 0x000002d1fdf5d800,
0x000002d1fdf64800, 0x000002d1fe063800, 0x000002d198339800, 0x000002d1977a9000,
0x000002d1976b6800, 0x000002d198158000, 0x000002d198158800, 0x000002d19815c000,
0x000002d198159800, 0x000002d198157000, 0x000002d198929800, 0x000002d19892b000,
0x000002d198927000, 0x000002d19892a000, 0x000002d198925000, 0x000002d19892b800,
0x000002d198926000, 0x000002d19aefe800, 0x000002d19aef4000, 0x000002d19aef5000,
0x000002d19aef2800, 0x000002d19aef8000, 0x000002d19aef9000, 0x000002d19aef7800,
0x000002d19aef5800, 0x000002d19aef6800, 0x000002d19aef3000, 0x000002d19aef9800,
0x000002d19af00000, 0x000002d19af01000, 0x000002d19aefd000, 0x000002d19aefe000,
0x000002d19aefb800, 0x000002d198ba5800, 0x000002d198baa000, 0x000002d198baa800,
0x000002d198ba5000, 0x000002d198bab800, 0x000002d198ba8000, 0x000002d198bad000,
0x000002d198bac800, 0x000002d198ba7800, 0x000002d198bb1000, 0x000002d198bb2000,
0x000002d198bae800, 0x000002d198bb3800, 0x000002d198bae000, 0x000002d198baf800,
0x000002d198bb0800, 0x000002d198bb3000, 0x000002d198932800, 0x000002d198931800,
0x000002d19892d800, 0x000002d19892c800, 0x000002d198933000, 0x000002d198930000,
0x000002d198930800, 0x000002d198934000, 0x000002d19892e000, 0x000002d19892f000,
0x000002d19815a800, 0x000002d19815b000, 0x000002d19815d000, 0x000002d19815d800,
0x000002d1a9a6e800, 0x000002d1a9a6d800, 0x000002d1a9a73800, 0x000002d1a9a71000,
0x000002d1a9a71800, 0x000002d1a9a77800, 0x000002d1a9a78800, 0x000002d1a9a79000,
0x000002d1a9a76800, 0x000002d1a9a7a000
}

Java Threads: ( => current thread )
  0x000002d1f94ee000 JavaThread "main" [_thread_blocked, id=10416, stack(0x000000e1bdf00000,0x000000e1be000000)]
  0x000002d1fd542000 JavaThread "Reference Handler" daemon [_thread_blocked, id=19468, stack(0x000000e1be600000,0x000000e1be700000)]
  0x000002d1fd544800 JavaThread "Finalizer" daemon [_thread_blocked, id=3168, stack(0x000000e1be700000,0x000000e1be800000)]
  0x000002d1fd567800 JavaThread "Signal Dispatcher" daemon [_thread_blocked, id=12332, stack(0x000000e1be800000,0x000000e1be900000)]
  0x000002d1fd568000 JavaThread "Attach Listener" daemon [_thread_blocked, id=20156, stack(0x000000e1be900000,0x000000e1bea00000)]
  0x000002d1fd569000 JavaThread "Service Thread" daemon [_thread_blocked, id=15176, stack(0x000000e1bea00000,0x000000e1beb00000)]
=>0x000002d1fd56c000 JavaThread "C2 CompilerThread0" daemon [_thread_in_native, id=4808, stack(0x000000e1beb00000,0x000000e1bec00000)]
  0x000002d1fdf5d800 JavaThread "C1 CompilerThread0" daemon [_thread_in_native, id=11848, stack(0x000000e1bec00000,0x000000e1bed00000)]
  0x000002d1fdf64800 JavaThread "Sweeper thread" daemon [_thread_blocked, id=17556, stack(0x000000e1bed00000,0x000000e1bee00000)]
  0x000002d1fe063800 JavaThread "Common-Cleaner" daemon [_thread_blocked, id=16376, stack(0x000000e1bee00000,0x000000e1bef00000)]
  0x000002d198339800 JavaThread "Daemon health stats" [_thread_blocked, id=8692, stack(0x000000e1bf400000,0x000000e1bf500000)]
  0x000002d1977a9000 JavaThread "Incoming local TCP Connector on port 7026" [_thread_in_native, id=11840, stack(0x000000e1bf300000,0x000000e1bf400000)]
  0x000002d1976b6800 JavaThread "Daemon periodic checks" [_thread_blocked, id=2576, stack(0x000000e1bf500000,0x000000e1bf600000)]
  0x000002d198158000 JavaThread "Cache worker for journal cache (C:\Users\murii\.gradle\caches\journal-1)" [_thread_blocked, id=16088, stack(0x000000e1bfd00000,0x000000e1bfe00000)]
  0x000002d198158800 JavaThread "File lock request listener" [_thread_in_native, id=11004, stack(0x000000e1bfe00000,0x000000e1bff00000)]
  0x000002d19815c000 JavaThread "Cache worker for file hash cache (C:\Users\murii\.gradle\caches\7.1\fileHashes)" [_thread_blocked, id=18888, stack(0x000000e1bff00000,0x000000e1c0000000)]
  0x000002d198159800 JavaThread "File watcher server" daemon [_thread_in_native, id=4024, stack(0x000000e1c0200000,0x000000e1c0300000)]
  0x000002d198157000 JavaThread "File watcher consumer" daemon [_thread_blocked, id=17592, stack(0x000000e1c0300000,0x000000e1c0400000)]
  0x000002d198929800 JavaThread "Cache worker for execution history cache (C:\Users\murii\.gradle\caches\7.1\executionHistory)" [_thread_blocked, id=11084, stack(0x000000e1c0700000,0x000000e1c0800000)]
  0x000002d19892b000 JavaThread "jar transforms" [_thread_blocked, id=4140, stack(0x000000e1c0000000,0x000000e1c0100000)]
  0x000002d198927000 JavaThread "jar transforms Thread 2" [_thread_blocked, id=12192, stack(0x000000e1c0900000,0x000000e1c0a00000)]
  0x000002d19892a000 JavaThread "Cache worker for file content cache (C:\Users\murii\.gradle\caches\7.1\fileContent)" [_thread_blocked, id=2784, stack(0x000000e1c0a00000,0x000000e1c0b00000)]
  0x000002d198925000 JavaThread "Cache worker for kotlin-dsl (C:\Users\murii\.gradle\caches\7.1\kotlin-dsl)" [_thread_blocked, id=18064, stack(0x000000e1c0b00000,0x000000e1c0c00000)]
  0x000002d19892b800 JavaThread "jar transforms Thread 3" [_thread_blocked, id=15648, stack(0x000000e1c0800000,0x000000e1c0900000)]
  0x000002d198926000 JavaThread "jar transforms Thread 4" [_thread_blocked, id=7908, stack(0x000000e1c0d00000,0x000000e1c0e00000)]
  0x000002d19aefe800 JavaThread "Memory manager" [_thread_blocked, id=4956, stack(0x000000e1c3700000,0x000000e1c3800000)]
  0x000002d19aef4000 JavaThread "Daemon Thread 3" [_thread_blocked, id=6992, stack(0x000000e1bdd00000,0x000000e1bde00000)]
  0x000002d19aef5000 JavaThread "Handler for socket connection from /127.0.0.1:7026 to /127.0.0.1:6288" [_thread_in_native, id=16012, stack(0x000000e1bde00000,0x000000e1bdf00000)]
  0x000002d19aef2800 JavaThread "Cancel handler" [_thread_blocked, id=19968, stack(0x000000e1bf600000,0x000000e1bf700000)]
  0x000002d19aef8000 JavaThread "Daemon worker Thread 3" [_thread_in_vm, id=3680, stack(0x000000e1bf700000,0x000000e1bf800000)]
  0x000002d19aef9000 JavaThread "Asynchronous log dispatcher for DefaultDaemonConnection: socket connection from /127.0.0.1:7026 to /127.0.0.1:6288" [_thread_blocked, id=6160, stack(0x000000e1bf800000,0x000000e1bf900000)]
  0x000002d19aef7800 JavaThread "Stdin handler" [_thread_blocked, id=19780, stack(0x000000e1bf900000,0x000000e1bfa00000)]
  0x000002d19aef5800 JavaThread "Daemon client event forwarder" [_thread_blocked, id=7920, stack(0x000000e1bfa00000,0x000000e1bfb00000)]
  0x000002d19aef6800 JavaThread "Cache worker for file hash cache (E:\compose\ComposeDemo\.gradle\7.1\fileHashes)" [_thread_blocked, id=14096, stack(0x000000e1bfb00000,0x000000e1bfc00000)]
  0x000002d19aef3000 JavaThread "Cache worker for checksums cache (E:\compose\ComposeDemo\.gradle\checksums)" [_thread_blocked, id=12836, stack(0x000000e1bfc00000,0x000000e1bfd00000)]
  0x000002d19aef9800 JavaThread "Cache worker for dependencies-accessors (E:\compose\ComposeDemo\.gradle\7.1\dependencies-accessors)" [_thread_blocked, id=9500, stack(0x000000e1c0600000,0x000000e1c0700000)]
  0x000002d19af00000 JavaThread "Unconstrained build operations" [_thread_blocked, id=11952, stack(0x000000e1c0e00000,0x000000e1c0f00000)]
  0x000002d19af01000 JavaThread "Unconstrained build operations Thread 2" [_thread_blocked, id=15280, stack(0x000000e1c0f00000,0x000000e1c1000000)]
  0x000002d19aefd000 JavaThread "Unconstrained build operations Thread 3" [_thread_blocked, id=11024, stack(0x000000e1c1000000,0x000000e1c1100000)]
  0x000002d19aefe000 JavaThread "Unconstrained build operations Thread 4" [_thread_blocked, id=11304, stack(0x000000e1c1100000,0x000000e1c1200000)]
  0x000002d19aefb800 JavaThread "Unconstrained build operations Thread 5" [_thread_blocked, id=9736, stack(0x000000e1c1200000,0x000000e1c1300000)]
  0x000002d198ba5800 JavaThread "Unconstrained build operations Thread 6" [_thread_blocked, id=19016, stack(0x000000e1c1300000,0x000000e1c1400000)]
  0x000002d198baa000 JavaThread "Unconstrained build operations Thread 7" [_thread_blocked, id=19132, stack(0x000000e1c1400000,0x000000e1c1500000)]
  0x000002d198baa800 JavaThread "Unconstrained build operations Thread 8" [_thread_blocked, id=2876, stack(0x000000e1c1500000,0x000000e1c1600000)]
  0x000002d198ba5000 JavaThread "Unconstrained build operations Thread 9" [_thread_blocked, id=7276, stack(0x000000e1c1600000,0x000000e1c1700000)]
  0x000002d198bab800 JavaThread "Unconstrained build operations Thread 10" [_thread_blocked, id=16184, stack(0x000000e1c1700000,0x000000e1c1800000)]
  0x000002d198ba8000 JavaThread "Unconstrained build operations Thread 11" [_thread_blocked, id=18724, stack(0x000000e1c1800000,0x000000e1c1900000)]
  0x000002d198bad000 JavaThread "Unconstrained build operations Thread 12" [_thread_blocked, id=9692, stack(0x000000e1c1900000,0x000000e1c1a00000)]
  0x000002d198bac800 JavaThread "Unconstrained build operations Thread 13" [_thread_blocked, id=14652, stack(0x000000e1c1a00000,0x000000e1c1b00000)]
  0x000002d198ba7800 JavaThread "Unconstrained build operations Thread 14" [_thread_blocked, id=5232, stack(0x000000e1c1b00000,0x000000e1c1c00000)]
  0x000002d198bb1000 JavaThread "Unconstrained build operations Thread 15" [_thread_blocked, id=5788, stack(0x000000e1c1c00000,0x000000e1c1d00000)]
  0x000002d198bb2000 JavaThread "Unconstrained build operations Thread 16" [_thread_blocked, id=19964, stack(0x000000e1c1d00000,0x000000e1c1e00000)]
  0x000002d198bae800 JavaThread "Unconstrained build operations Thread 17" [_thread_blocked, id=9336, stack(0x000000e1c1e00000,0x000000e1c1f00000)]
  0x000002d198bb3800 JavaThread "Unconstrained build operations Thread 18" [_thread_blocked, id=12540, stack(0x000000e1c1f00000,0x000000e1c2000000)]
  0x000002d198bae000 JavaThread "Unconstrained build operations Thread 19" [_thread_blocked, id=14688, stack(0x000000e1c2000000,0x000000e1c2100000)]
  0x000002d198baf800 JavaThread "Unconstrained build operations Thread 20" [_thread_blocked, id=5748, stack(0x000000e1c2100000,0x000000e1c2200000)]
  0x000002d198bb0800 JavaThread "Unconstrained build operations Thread 21" [_thread_blocked, id=9928, stack(0x000000e1c2200000,0x000000e1c2300000)]
  0x000002d198bb3000 JavaThread "Unconstrained build operations Thread 22" [_thread_blocked, id=15276, stack(0x000000e1c2300000,0x000000e1c2400000)]
  0x000002d198932800 JavaThread "Unconstrained build operations Thread 23" [_thread_blocked, id=20176, stack(0x000000e1c2400000,0x000000e1c2500000)]
  0x000002d198931800 JavaThread "Unconstrained build operations Thread 24" [_thread_blocked, id=16068, stack(0x000000e1c2500000,0x000000e1c2600000)]
  0x000002d19892d800 JavaThread "Unconstrained build operations Thread 25" [_thread_blocked, id=1004, stack(0x000000e1c2600000,0x000000e1c2700000)]
  0x000002d19892c800 JavaThread "Unconstrained build operations Thread 26" [_thread_blocked, id=17108, stack(0x000000e1c2700000,0x000000e1c2800000)]
  0x000002d198933000 JavaThread "Unconstrained build operations Thread 27" [_thread_blocked, id=8788, stack(0x000000e1c2800000,0x000000e1c2900000)]
  0x000002d198930000 JavaThread "Unconstrained build operations Thread 28" [_thread_blocked, id=2192, stack(0x000000e1c2900000,0x000000e1c2a00000)]
  0x000002d198930800 JavaThread "Unconstrained build operations Thread 29" [_thread_blocked, id=16220, stack(0x000000e1c2a00000,0x000000e1c2b00000)]
  0x000002d198934000 JavaThread "Unconstrained build operations Thread 30" [_thread_blocked, id=7312, stack(0x000000e1c2b00000,0x000000e1c2c00000)]
  0x000002d19892e000 JavaThread "Unconstrained build operations Thread 31" [_thread_blocked, id=17308, stack(0x000000e1c2c00000,0x000000e1c2d00000)]
  0x000002d19892f000 JavaThread "Unconstrained build operations Thread 32" [_thread_blocked, id=15944, stack(0x000000e1c2d00000,0x000000e1c2e00000)]
  0x000002d19815a800 JavaThread "Unconstrained build operations Thread 33" [_thread_blocked, id=17096, stack(0x000000e1c2e00000,0x000000e1c2f00000)]
  0x000002d19815b000 JavaThread "Unconstrained build operations Thread 34" [_thread_blocked, id=6604, stack(0x000000e1c2f00000,0x000000e1c3000000)]
  0x000002d19815d000 JavaThread "Unconstrained build operations Thread 35" [_thread_blocked, id=5704, stack(0x000000e1c3000000,0x000000e1c3100000)]
  0x000002d19815d800 JavaThread "Unconstrained build operations Thread 36" [_thread_blocked, id=17632, stack(0x000000e1c3100000,0x000000e1c3200000)]
  0x000002d1a9a6e800 JavaThread "Unconstrained build operations Thread 37" [_thread_blocked, id=4288, stack(0x000000e1c3200000,0x000000e1c3300000)]
  0x000002d1a9a6d800 JavaThread "Unconstrained build operations Thread 38" [_thread_blocked, id=20308, stack(0x000000e1c3300000,0x000000e1c3400000)]
  0x000002d1a9a73800 JavaThread "Unconstrained build operations Thread 39" [_thread_blocked, id=18748, stack(0x000000e1c3900000,0x000000e1c3a00000)]
  0x000002d1a9a71000 JavaThread "Unconstrained build operations Thread 40" [_thread_blocked, id=14388, stack(0x000000e1c3a00000,0x000000e1c3b00000)]
  0x000002d1a9a71800 JavaThread "RMI Scheduler(0)" daemon [_thread_blocked, id=15416, stack(0x000000e1c3b00000,0x000000e1c3c00000)]
  0x000002d1a9a77800 JavaThread "RMI RenewClean-[127.0.0.1:17700,org.jetbrains.kotlin.daemon.common.LoopbackNetworkInterface$ClientLoopbackSocketFactory@46b1487]" daemon [_thread_blocked, id=16688, stack(0x000000e1c3d00000,0x000000e1c3e00000)]
  0x000002d1a9a78800 JavaThread "RMI GC Daemon" daemon [_thread_blocked, id=12124, stack(0x000000e1c3e00000,0x000000e1c3f00000)]
  0x000002d1a9a79000 JavaThread "RMI TCP Accept-0" daemon [_thread_in_native, id=17852, stack(0x000000e1c3f00000,0x000000e1c4000000)]
  0x000002d1a9a76800 JavaThread "RMI Reaper" [_thread_blocked, id=11408, stack(0x000000e1c4000000,0x000000e1c4100000)]
  0x000002d1a9a7a000 JavaThread "RMI TCP Connection(idle)" daemon [_thread_blocked, id=7416, stack(0x000000e1c4100000,0x000000e1c4200000)]

Other Threads:
  0x000002d1fd51d800 VMThread "VM Thread" [stack: 0x000000e1be500000,0x000000e1be600000] [id=19540]
  0x000002d1fe080800 WatcherThread [stack: 0x000000e1bef00000,0x000000e1bf000000] [id=9468]
  0x000002d1f9506800 GCTaskThread "GC Thread#0" [stack: 0x000000e1be000000,0x000000e1be100000] [id=18028]
  0x000002d1fe11c800 GCTaskThread "GC Thread#1" [stack: 0x000000e1bf000000,0x000000e1bf100000] [id=13776]
  0x000002d1fe11d000 GCTaskThread "GC Thread#2" [stack: 0x000000e1bf100000,0x000000e1bf200000] [id=10188]
  0x000002d1fe496800 GCTaskThread "GC Thread#3" [stack: 0x000000e1bf200000,0x000000e1bf300000] [id=9368]
  0x000002d1f9519800 ConcurrentGCThread "G1 Main Marker" [stack: 0x000000e1be100000,0x000000e1be200000] [id=7788]
  0x000002d1f951a800 ConcurrentGCThread "G1 Conc#0" [stack: 0x000000e1be200000,0x000000e1be300000] [id=572]
  0x000002d1f95ce800 ConcurrentGCThread "G1 Refine#0" [stack: 0x000000e1be300000,0x000000e1be400000] [id=7524]
  0x000002d1fd3bc800 ConcurrentGCThread "G1 Young RemSet Sampling" [stack: 0x000000e1be400000,0x000000e1be500000] [id=14696]

Threads with active compile tasks:
C2 CompilerThread02554050 22960       4       org.codehaus.groovy.reflection.ParameterTypes::getParameterTypes (16 bytes)
C1 CompilerThread02554050 22971       3       org.gradle.internal.serialize.ExceptionPlaceholder$2::transform (70 bytes)
C2 CompilerThread12554050 22964       4       org.gradle.internal.snapshot.AbstractListChildMap::visitChildren (47 bytes)

VM state:not at safepoint (normal execution)

VM Mutex/Monitor currently owned by a thread: None

Heap address: 0x00000000e0000000, size: 512 MB, Compressed Oops mode: 32-bit
Narrow klass base: 0x0000000000000000, Narrow klass shift: 3
Compressed class space size: 260046848 Address: 0x0000000100000000

Heap:
 garbage-first heap   total 266240K, used 210979K [0x00000000e0000000, 0x0000000100000000)
  region size 1024K, 6 young (6144K), 1 survivors (1024K)
 Metaspace       used 148759K, capacity 152028K, committed 152240K, reserved 387072K
  class space    used 17968K, capacity 19204K, committed 19308K, reserved 253952K
Heap Regions: E=young(eden), S=young(survivor), O=old, HS=humongous(starts), HC=humongous(continues), CS=collection set, F=free, A=archive, TAMS=top-at-mark-start (previous, next)
|   0|0x00000000e0000000, 0x00000000e0100000, 0x00000000e0100000|100%| O|  |TAMS 0x00000000e0100000, 0x00000000e0000000| Untracked 
|   1|0x00000000e0100000, 0x00000000e0200000, 0x00000000e0200000|100%| O|  |TAMS 0x00000000e0200000, 0x00000000e0100000| Untracked 
|   2|0x00000000e0200000, 0x00000000e0300000, 0x00000000e0300000|100%| O|  |TAMS 0x00000000e0300000, 0x00000000e0200000| Untracked 
|   3|0x00000000e0300000, 0x00000000e0400000, 0x00000000e0400000|100%|HS|  |TAMS 0x00000000e0400000, 0x00000000e0300000| Complete 
|   4|0x00000000e0400000, 0x00000000e0500000, 0x00000000e0500000|100%|HC|  |TAMS 0x00000000e0500000, 0x00000000e0400000| Complete 
|   5|0x00000000e0500000, 0x00000000e0600000, 0x00000000e0600000|100%|HC|  |TAMS 0x00000000e0600000, 0x00000000e0500000| Complete 
|   6|0x00000000e0600000, 0x00000000e0700000, 0x00000000e0700000|100%| O|  |TAMS 0x00000000e0700000, 0x00000000e0600000| Untracked 
|   7|0x00000000e0700000, 0x00000000e0800000, 0x00000000e0800000|100%| O|  |TAMS 0x00000000e0800000, 0x00000000e0700000| Untracked 
|   8|0x00000000e0800000, 0x00000000e0900000, 0x00000000e0900000|100%| O|  |TAMS 0x00000000e0900000, 0x00000000e0800000| Complete 
|   9|0x00000000e0900000, 0x00000000e0a00000, 0x00000000e0a00000|100%| O|  |TAMS 0x00000000e0a00000, 0x00000000e0900000| Untracked 
|  10|0x00000000e0a00000, 0x00000000e0b00000, 0x00000000e0b00000|100%| O|  |TAMS 0x00000000e0b00000, 0x00000000e0a00000| Untracked 
|  11|0x00000000e0b00000, 0x00000000e0c00000, 0x00000000e0c00000|100%| O|  |TAMS 0x00000000e0c00000, 0x00000000e0b00000| Untracked 
|  12|0x00000000e0c00000, 0x00000000e0d00000, 0x00000000e0d00000|100%| O|  |TAMS 0x00000000e0d00000, 0x00000000e0c00000| Untracked 
|  13|0x00000000e0d00000, 0x00000000e0e00000, 0x00000000e0e00000|100%| O|  |TAMS 0x00000000e0e00000, 0x00000000e0d00000| Untracked 
|  14|0x00000000e0e00000, 0x00000000e0f00000, 0x00000000e0f00000|100%| O|  |TAMS 0x00000000e0f00000, 0x00000000e0e00000| Untracked 
|  15|0x00000000e0f00000, 0x00000000e1000000, 0x00000000e1000000|100%| O|  |TAMS 0x00000000e1000000, 0x00000000e0f00000| Complete 
|  16|0x00000000e1000000, 0x00000000e1100000, 0x00000000e1100000|100%| O|  |TAMS 0x00000000e1100000, 0x00000000e1000000| Complete 
|  17|0x00000000e1100000, 0x00000000e1200000, 0x00000000e1200000|100%|HS|  |TAMS 0x00000000e1200000, 0x00000000e1100000| Complete 
|  18|0x00000000e1200000, 0x00000000e1300000, 0x00000000e1300000|100%|HC|  |TAMS 0x00000000e1300000, 0x00000000e1200000| Complete 
|  19|0x00000000e1300000, 0x00000000e1400000, 0x00000000e1400000|100%|HC|  |TAMS 0x00000000e1400000, 0x00000000e1300000| Complete 
|  20|0x00000000e1400000, 0x00000000e1500000, 0x00000000e1500000|100%|HS|  |TAMS 0x00000000e1500000, 0x00000000e1400000| Complete 
|  21|0x00000000e1500000, 0x00000000e1600000, 0x00000000e1600000|100%|HC|  |TAMS 0x00000000e1600000, 0x00000000e1500000| Complete 
|  22|0x00000000e1600000, 0x00000000e1700000, 0x00000000e1700000|100%|HC|  |TAMS 0x00000000e1700000, 0x00000000e1600000| Complete 
|  23|0x00000000e1700000, 0x00000000e1800000, 0x00000000e1800000|100%| O|  |TAMS 0x00000000e1800000, 0x00000000e1700000| Complete 
|  24|0x00000000e1800000, 0x00000000e1900000, 0x00000000e1900000|100%| O|  |TAMS 0x00000000e1900000, 0x00000000e1800000| Untracked 
|  25|0x00000000e1900000, 0x00000000e1a00000, 0x00000000e1a00000|100%| O|  |TAMS 0x00000000e1a00000, 0x00000000e1900000| Complete 
|  26|0x00000000e1a00000, 0x00000000e1b00000, 0x00000000e1b00000|100%| O|  |TAMS 0x00000000e1b00000, 0x00000000e1a00000| Untracked 
|  27|0x00000000e1b00000, 0x00000000e1c00000, 0x00000000e1c00000|100%| O|  |TAMS 0x00000000e1c00000, 0x00000000e1b00000| Complete 
|  28|0x00000000e1c00000, 0x00000000e1d00000, 0x00000000e1d00000|100%| O|  |TAMS 0x00000000e1d00000, 0x00000000e1c00000| Complete 
|  29|0x00000000e1d00000, 0x00000000e1e00000, 0x00000000e1e00000|100%| O|  |TAMS 0x00000000e1e00000, 0x00000000e1d00000| Complete 
|  30|0x00000000e1e00000, 0x00000000e1f00000, 0x00000000e1f00000|100%| O|  |TAMS 0x00000000e1f00000, 0x00000000e1e00000| Complete 
|  31|0x00000000e1f00000, 0x00000000e2000000, 0x00000000e2000000|100%| O|  |TAMS 0x00000000e2000000, 0x00000000e1f00000| Complete 
|  32|0x00000000e2000000, 0x00000000e2100000, 0x00000000e2100000|100%| O|  |TAMS 0x00000000e2100000, 0x00000000e2000000| Untracked 
|  33|0x00000000e2100000, 0x00000000e2200000, 0x00000000e2200000|100%|HS|  |TAMS 0x00000000e2200000, 0x00000000e2100000| Complete 
|  34|0x00000000e2200000, 0x00000000e2300000, 0x00000000e2300000|100%|HC|  |TAMS 0x00000000e2300000, 0x00000000e2200000| Complete 
|  35|0x00000000e2300000, 0x00000000e2400000, 0x00000000e2400000|100%|HS|  |TAMS 0x00000000e2400000, 0x00000000e2300000| Complete 
|  36|0x00000000e2400000, 0x00000000e2500000, 0x00000000e2500000|100%|HC|  |TAMS 0x00000000e2500000, 0x00000000e2400000| Complete 
|  37|0x00000000e2500000, 0x00000000e2600000, 0x00000000e2600000|100%|HC|  |TAMS 0x00000000e2600000, 0x00000000e2500000| Complete 
|  38|0x00000000e2600000, 0x00000000e2700000, 0x00000000e2700000|100%| O|  |TAMS 0x00000000e2700000, 0x00000000e2600000| Complete 
|  39|0x00000000e2700000, 0x00000000e2800000, 0x00000000e2800000|100%| O|  |TAMS 0x00000000e2800000, 0x00000000e2700000| Untracked 
|  40|0x00000000e2800000, 0x00000000e2900000, 0x00000000e2900000|100%| O|  |TAMS 0x00000000e2900000, 0x00000000e2800000| Complete 
|  41|0x00000000e2900000, 0x00000000e2a00000, 0x00000000e2a00000|100%| O|  |TAMS 0x00000000e2a00000, 0x00000000e2900000| Complete 
|  42|0x00000000e2a00000, 0x00000000e2b00000, 0x00000000e2b00000|100%| O|  |TAMS 0x00000000e2b00000, 0x00000000e2a00000| Untracked 
|  43|0x00000000e2b00000, 0x00000000e2c00000, 0x00000000e2c00000|100%| O|  |TAMS 0x00000000e2c00000, 0x00000000e2b00000| Complete 
|  44|0x00000000e2c00000, 0x00000000e2d00000, 0x00000000e2d00000|100%| O|  |TAMS 0x00000000e2d00000, 0x00000000e2c00000| Complete 
|  45|0x00000000e2d00000, 0x00000000e2e00000, 0x00000000e2e00000|100%| O|  |TAMS 0x00000000e2e00000, 0x00000000e2d00000| Untracked 
|  46|0x00000000e2e00000, 0x00000000e2f00000, 0x00000000e2f00000|100%| O|  |TAMS 0x00000000e2f00000, 0x00000000e2e00000| Complete 
|  47|0x00000000e2f00000, 0x00000000e3000000, 0x00000000e3000000|100%| O|  |TAMS 0x00000000e3000000, 0x00000000e2f00000| Complete 
|  48|0x00000000e3000000, 0x00000000e3100000, 0x00000000e3100000|100%| O|  |TAMS 0x00000000e3100000, 0x00000000e3000000| Complete 
|  49|0x00000000e3100000, 0x00000000e3200000, 0x00000000e3200000|100%| O|  |TAMS 0x00000000e3200000, 0x00000000e3100000| Complete 
|  50|0x00000000e3200000, 0x00000000e3300000, 0x00000000e3300000|100%| O|  |TAMS 0x00000000e3300000, 0x00000000e3200000| Complete 
|  51|0x00000000e3300000, 0x00000000e3400000, 0x00000000e3400000|100%| O|  |TAMS 0x00000000e3400000, 0x00000000e3300000| Untracked 
|  52|0x00000000e3400000, 0x00000000e3500000, 0x00000000e3500000|100%| O|  |TAMS 0x00000000e3500000, 0x00000000e3400000| Complete 
|  53|0x00000000e3500000, 0x00000000e3600000, 0x00000000e3600000|100%| O|  |TAMS 0x00000000e3600000, 0x00000000e3500000| Untracked 
|  54|0x00000000e3600000, 0x00000000e3700000, 0x00000000e3700000|100%| O|  |TAMS 0x00000000e3700000, 0x00000000e3600000| Complete 
|  55|0x00000000e3700000, 0x00000000e3800000, 0x00000000e3800000|100%| O|  |TAMS 0x00000000e3800000, 0x00000000e3700000| Untracked 
|  56|0x00000000e3800000, 0x00000000e3900000, 0x00000000e3900000|100%| O|  |TAMS 0x00000000e3900000, 0x00000000e3800000| Complete 
|  57|0x00000000e3900000, 0x00000000e3a00000, 0x00000000e3a00000|100%| O|  |TAMS 0x00000000e3a00000, 0x00000000e3900000| Complete 
|  58|0x00000000e3a00000, 0x00000000e3b00000, 0x00000000e3b00000|100%| O|  |TAMS 0x00000000e3b00000, 0x00000000e3a00000| Untracked 
|  59|0x00000000e3b00000, 0x00000000e3c00000, 0x00000000e3c00000|100%| O|  |TAMS 0x00000000e3c00000, 0x00000000e3b00000| Complete 
|  60|0x00000000e3c00000, 0x00000000e3d00000, 0x00000000e3d00000|100%| O|  |TAMS 0x00000000e3d00000, 0x00000000e3c00000| Complete 
|  61|0x00000000e3d00000, 0x00000000e3e00000, 0x00000000e3e00000|100%| O|  |TAMS 0x00000000e3e00000, 0x00000000e3d00000| Untracked 
|  62|0x00000000e3e00000, 0x00000000e3f00000, 0x00000000e3f00000|100%| O|  |TAMS 0x00000000e3f00000, 0x00000000e3e00000| Untracked 
|  63|0x00000000e3f00000, 0x00000000e4000000, 0x00000000e4000000|100%| O|  |TAMS 0x00000000e4000000, 0x00000000e3f00000| Untracked 
|  64|0x00000000e4000000, 0x00000000e4100000, 0x00000000e4100000|100%| O|  |TAMS 0x00000000e4100000, 0x00000000e4000000| Complete 
|  65|0x00000000e4100000, 0x00000000e4200000, 0x00000000e4200000|100%| O|  |TAMS 0x00000000e4200000, 0x00000000e4100000| Untracked 
|  66|0x00000000e4200000, 0x00000000e4300000, 0x00000000e4300000|100%| O|  |TAMS 0x00000000e4300000, 0x00000000e4200000| Complete 
|  67|0x00000000e4300000, 0x00000000e4400000, 0x00000000e4400000|100%| O|  |TAMS 0x00000000e4400000, 0x00000000e4300000| Untracked 
|  68|0x00000000e4400000, 0x00000000e4500000, 0x00000000e4500000|100%| O|  |TAMS 0x00000000e4500000, 0x00000000e4400000| Untracked 
|  69|0x00000000e4500000, 0x00000000e4600000, 0x00000000e4600000|100%| O|  |TAMS 0x00000000e4600000, 0x00000000e4500000| Untracked 
|  70|0x00000000e4600000, 0x00000000e4700000, 0x00000000e4700000|100%| O|  |TAMS 0x00000000e4700000, 0x00000000e4600000| Untracked 
|  71|0x00000000e4700000, 0x00000000e4800000, 0x00000000e4800000|100%| O|  |TAMS 0x00000000e4800000, 0x00000000e4700000| Untracked 
|  72|0x00000000e4800000, 0x00000000e4900000, 0x00000000e4900000|100%| O|  |TAMS 0x00000000e4900000, 0x00000000e4800000| Complete 
|  73|0x00000000e4900000, 0x00000000e4a00000, 0x00000000e4a00000|100%|HS|  |TAMS 0x00000000e4a00000, 0x00000000e4900000| Complete 
|  74|0x00000000e4a00000, 0x00000000e4b00000, 0x00000000e4b00000|100%| O|  |TAMS 0x00000000e4b00000, 0x00000000e4a00000| Untracked 
|  75|0x00000000e4b00000, 0x00000000e4c00000, 0x00000000e4c00000|100%| O|  |TAMS 0x00000000e4c00000, 0x00000000e4b00000| Untracked 
|  76|0x00000000e4c00000, 0x00000000e4d00000, 0x00000000e4d00000|100%| O|  |TAMS 0x00000000e4d00000, 0x00000000e4c00000| Untracked 
|  77|0x00000000e4d00000, 0x00000000e4e00000, 0x00000000e4e00000|100%| O|  |TAMS 0x00000000e4e00000, 0x00000000e4d00000| Untracked 
|  78|0x00000000e4e00000, 0x00000000e4f00000, 0x00000000e4f00000|100%| O|  |TAMS 0x00000000e4f00000, 0x00000000e4e00000| Untracked 
|  79|0x00000000e4f00000, 0x00000000e5000000, 0x00000000e5000000|100%|HS|  |TAMS 0x00000000e5000000, 0x00000000e4f00000| Complete 
|  80|0x00000000e5000000, 0x00000000e5100000, 0x00000000e5100000|100%|HC|  |TAMS 0x00000000e5100000, 0x00000000e5000000| Complete 
|  81|0x00000000e5100000, 0x00000000e5200000, 0x00000000e5200000|100%|HC|  |TAMS 0x00000000e5200000, 0x00000000e5100000| Complete 
|  82|0x00000000e5200000, 0x00000000e5300000, 0x00000000e5300000|100%| O|  |TAMS 0x00000000e5300000, 0x00000000e5200000| Untracked 
|  83|0x00000000e5300000, 0x00000000e5400000, 0x00000000e5400000|100%| O|  |TAMS 0x00000000e5400000, 0x00000000e5300000| Complete 
|  84|0x00000000e5400000, 0x00000000e5500000, 0x00000000e5500000|100%| O|  |TAMS 0x00000000e5500000, 0x00000000e5400000| Untracked 
|  85|0x00000000e5500000, 0x00000000e5600000, 0x00000000e5600000|100%| O|  |TAMS 0x00000000e5600000, 0x00000000e5500000| Untracked 
|  86|0x00000000e5600000, 0x00000000e5700000, 0x00000000e5700000|100%| O|  |TAMS 0x00000000e5700000, 0x00000000e5600000| Untracked 
|  87|0x00000000e5700000, 0x00000000e5800000, 0x00000000e5800000|100%| O|  |TAMS 0x00000000e5800000, 0x00000000e5700000| Untracked 
|  88|0x00000000e5800000, 0x00000000e5900000, 0x00000000e5900000|100%| O|  |TAMS 0x00000000e5900000, 0x00000000e5800000| Untracked 
|  89|0x00000000e5900000, 0x00000000e5a00000, 0x00000000e5a00000|100%| O|  |TAMS 0x00000000e5a00000, 0x00000000e5900000| Untracked 
|  90|0x00000000e5a00000, 0x00000000e5b00000, 0x00000000e5b00000|100%| O|  |TAMS 0x00000000e5b00000, 0x00000000e5a00000| Complete 
|  91|0x00000000e5b00000, 0x00000000e5c00000, 0x00000000e5c00000|100%| O|  |TAMS 0x00000000e5c00000, 0x00000000e5b00000| Untracked 
|  92|0x00000000e5c00000, 0x00000000e5d00000, 0x00000000e5d00000|100%| O|  |TAMS 0x00000000e5d00000, 0x00000000e5c00000| Complete 
|  93|0x00000000e5d00000, 0x00000000e5e00000, 0x00000000e5e00000|100%| O|  |TAMS 0x00000000e5e00000, 0x00000000e5d00000| Untracked 
|  94|0x00000000e5e00000, 0x00000000e5f00000, 0x00000000e5f00000|100%| O|  |TAMS 0x00000000e5f00000, 0x00000000e5e00000| Untracked 
|  95|0x00000000e5f00000, 0x00000000e6000000, 0x00000000e6000000|100%| O|  |TAMS 0x00000000e6000000, 0x00000000e5f00000| Untracked 
|  96|0x00000000e6000000, 0x00000000e6100000, 0x00000000e6100000|100%| O|  |TAMS 0x00000000e6100000, 0x00000000e6000000| Untracked 
|  97|0x00000000e6100000, 0x00000000e6200000, 0x00000000e6200000|100%|HS|  |TAMS 0x00000000e6200000, 0x00000000e6100000| Complete 
|  98|0x00000000e6200000, 0x00000000e6300000, 0x00000000e6300000|100%|HC|  |TAMS 0x00000000e6300000, 0x00000000e6200000| Complete 
|  99|0x00000000e6300000, 0x00000000e6400000, 0x00000000e6400000|100%|HC|  |TAMS 0x00000000e6400000, 0x00000000e6300000| Complete 
| 100|0x00000000e6400000, 0x00000000e6500000, 0x00000000e6500000|100%|HS|  |TAMS 0x00000000e6500000, 0x00000000e6400000| Complete 
| 101|0x00000000e6500000, 0x00000000e6600000, 0x00000000e6600000|100%|HC|  |TAMS 0x00000000e6600000, 0x00000000e6500000| Complete 
| 102|0x00000000e6600000, 0x00000000e6700000, 0x00000000e6700000|100%|HC|  |TAMS 0x00000000e6700000, 0x00000000e6600000| Complete 
| 103|0x00000000e6700000, 0x00000000e6800000, 0x00000000e6800000|100%|HC|  |TAMS 0x00000000e6800000, 0x00000000e6700000| Complete 
| 104|0x00000000e6800000, 0x00000000e6900000, 0x00000000e6900000|100%|HS|  |TAMS 0x00000000e6900000, 0x00000000e6800000| Complete 
| 105|0x00000000e6900000, 0x00000000e6a00000, 0x00000000e6a00000|100%|HC|  |TAMS 0x00000000e6a00000, 0x00000000e6900000| Complete 
| 106|0x00000000e6a00000, 0x00000000e6b00000, 0x00000000e6b00000|100%|HC|  |TAMS 0x00000000e6b00000, 0x00000000e6a00000| Complete 
| 107|0x00000000e6b00000, 0x00000000e6c00000, 0x00000000e6c00000|100%|HC|  |TAMS 0x00000000e6c00000, 0x00000000e6b00000| Complete 
| 108|0x00000000e6c00000, 0x00000000e6d00000, 0x00000000e6d00000|100%|HC|  |TAMS 0x00000000e6d00000, 0x00000000e6c00000| Complete 
| 109|0x00000000e6d00000, 0x00000000e6e00000, 0x00000000e6e00000|100%|HS|  |TAMS 0x00000000e6e00000, 0x00000000e6d00000| Complete 
| 110|0x00000000e6e00000, 0x00000000e6f00000, 0x00000000e6f00000|100%|HC|  |TAMS 0x00000000e6f00000, 0x00000000e6e00000| Complete 
| 111|0x00000000e6f00000, 0x00000000e7000000, 0x00000000e7000000|100%|HC|  |TAMS 0x00000000e7000000, 0x00000000e6f00000| Complete 
| 112|0x00000000e7000000, 0x00000000e7100000, 0x00000000e7100000|100%|HC|  |TAMS 0x00000000e7100000, 0x00000000e7000000| Complete 
| 113|0x00000000e7100000, 0x00000000e7200000, 0x00000000e7200000|100%| O|  |TAMS 0x00000000e7200000, 0x00000000e7100000| Complete 
| 114|0x00000000e7200000, 0x00000000e7300000, 0x00000000e7300000|100%| O|  |TAMS 0x00000000e7300000, 0x00000000e7200000| Untracked 
| 115|0x00000000e7300000, 0x00000000e7400000, 0x00000000e7400000|100%|HS|  |TAMS 0x00000000e7400000, 0x00000000e7300000| Complete 
| 116|0x00000000e7400000, 0x00000000e7500000, 0x00000000e7500000|100%| O|  |TAMS 0x00000000e7500000, 0x00000000e7400000| Complete 
| 117|0x00000000e7500000, 0x00000000e7600000, 0x00000000e7600000|100%| O|  |TAMS 0x00000000e7600000, 0x00000000e7500000| Complete 
| 118|0x00000000e7600000, 0x00000000e7700000, 0x00000000e7700000|100%| O|  |TAMS 0x00000000e76aba00, 0x00000000e7600000| Untracked 
| 119|0x00000000e7700000, 0x00000000e7800000, 0x00000000e7800000|100%| O|  |TAMS 0x00000000e7800000, 0x00000000e7700000| Untracked 
| 120|0x00000000e7800000, 0x00000000e7900000, 0x00000000e7900000|100%| O|  |TAMS 0x00000000e7900000, 0x00000000e7800000| Complete 
| 121|0x00000000e7900000, 0x00000000e7a00000, 0x00000000e7a00000|100%| O|  |TAMS 0x00000000e7a00000, 0x00000000e7900000| Untracked 
| 122|0x00000000e7a00000, 0x00000000e7b00000, 0x00000000e7b00000|100%| O|  |TAMS 0x00000000e7b00000, 0x00000000e7a00000| Untracked 
| 123|0x00000000e7b00000, 0x00000000e7c00000, 0x00000000e7c00000|100%| O|  |TAMS 0x00000000e7c00000, 0x00000000e7b00000| Untracked 
| 124|0x00000000e7c00000, 0x00000000e7d00000, 0x00000000e7d00000|100%|HS|  |TAMS 0x00000000e7d00000, 0x00000000e7c00000| Complete 
| 125|0x00000000e7d00000, 0x00000000e7e00000, 0x00000000e7e00000|100%|HC|  |TAMS 0x00000000e7e00000, 0x00000000e7d00000| Complete 
| 126|0x00000000e7e00000, 0x00000000e7f00000, 0x00000000e7f00000|100%|HC|  |TAMS 0x00000000e7f00000, 0x00000000e7e00000| Complete 
| 127|0x00000000e7f00000, 0x00000000e8000000, 0x00000000e8000000|100%|HS|  |TAMS 0x00000000e8000000, 0x00000000e7f00000| Complete 
| 128|0x00000000e8000000, 0x00000000e8100000, 0x00000000e8100000|100%|HC|  |TAMS 0x00000000e8100000, 0x00000000e8000000| Complete 
| 129|0x00000000e8100000, 0x00000000e8200000, 0x00000000e8200000|100%|HC|  |TAMS 0x00000000e8200000, 0x00000000e8100000| Complete 
| 130|0x00000000e8200000, 0x00000000e8300000, 0x00000000e8300000|100%|HS|  |TAMS 0x00000000e8300000, 0x00000000e8200000| Complete 
| 131|0x00000000e8300000, 0x00000000e8400000, 0x00000000e8400000|100%|HC|  |TAMS 0x00000000e8400000, 0x00000000e8300000| Complete 
| 132|0x00000000e8400000, 0x00000000e8500000, 0x00000000e8500000|100%|HS|  |TAMS 0x00000000e8500000, 0x00000000e8400000| Complete 
| 133|0x00000000e8500000, 0x00000000e8600000, 0x00000000e8600000|100%|HC|  |TAMS 0x00000000e8600000, 0x00000000e8500000| Complete 
| 134|0x00000000e8600000, 0x00000000e8700000, 0x00000000e8700000|100%|HC|  |TAMS 0x00000000e8700000, 0x00000000e8600000| Complete 
| 135|0x00000000e8700000, 0x00000000e8800000, 0x00000000e8800000|100%|HC|  |TAMS 0x00000000e8800000, 0x00000000e8700000| Complete 
| 136|0x00000000e8800000, 0x00000000e8900000, 0x00000000e8900000|100%|HC|  |TAMS 0x00000000e8900000, 0x00000000e8800000| Complete 
| 137|0x00000000e8900000, 0x00000000e8a00000, 0x00000000e8a00000|100%|HS|  |TAMS 0x00000000e8a00000, 0x00000000e8900000| Complete 
| 138|0x00000000e8a00000, 0x00000000e8b00000, 0x00000000e8b00000|100%|HS|  |TAMS 0x00000000e8b00000, 0x00000000e8a00000| Complete 
| 139|0x00000000e8b00000, 0x00000000e8c00000, 0x00000000e8c00000|100%|HC|  |TAMS 0x00000000e8c00000, 0x00000000e8b00000| Complete 
| 140|0x00000000e8c00000, 0x00000000e8d00000, 0x00000000e8d00000|100%|HS|  |TAMS 0x00000000e8d00000, 0x00000000e8c00000| Complete 
| 141|0x00000000e8d00000, 0x00000000e8e00000, 0x00000000e8e00000|100%|HC|  |TAMS 0x00000000e8e00000, 0x00000000e8d00000| Complete 
| 142|0x00000000e8e00000, 0x00000000e8f00000, 0x00000000e8f00000|100%|HC|  |TAMS 0x00000000e8f00000, 0x00000000e8e00000| Complete 
| 143|0x00000000e8f00000, 0x00000000e9000000, 0x00000000e9000000|100%|HS|  |TAMS 0x00000000e9000000, 0x00000000e8f00000| Complete 
| 144|0x00000000e9000000, 0x00000000e9100000, 0x00000000e9100000|100%|HC|  |TAMS 0x00000000e9100000, 0x00000000e9000000| Complete 
| 145|0x00000000e9100000, 0x00000000e9200000, 0x00000000e9200000|100%|HC|  |TAMS 0x00000000e9200000, 0x00000000e9100000| Complete 
| 146|0x00000000e9200000, 0x00000000e9300000, 0x00000000e9300000|100%|HS|  |TAMS 0x00000000e9300000, 0x00000000e9200000| Complete 
| 147|0x00000000e9300000, 0x00000000e9400000, 0x00000000e9400000|100%|HC|  |TAMS 0x00000000e9400000, 0x00000000e9300000| Complete 
| 148|0x00000000e9400000, 0x00000000e9500000, 0x00000000e9500000|100%|HC|  |TAMS 0x00000000e9500000, 0x00000000e9400000| Complete 
| 149|0x00000000e9500000, 0x00000000e9600000, 0x00000000e9600000|100%|HC|  |TAMS 0x00000000e9600000, 0x00000000e9500000| Complete 
| 150|0x00000000e9600000, 0x00000000e9700000, 0x00000000e9700000|100%|HS|  |TAMS 0x00000000e9700000, 0x00000000e9600000| Complete 
| 151|0x00000000e9700000, 0x00000000e9800000, 0x00000000e9800000|100%|HC|  |TAMS 0x00000000e9800000, 0x00000000e9700000| Complete 
| 152|0x00000000e9800000, 0x00000000e9900000, 0x00000000e9900000|100%|HC|  |TAMS 0x00000000e9900000, 0x00000000e9800000| Complete 
| 153|0x00000000e9900000, 0x00000000e9a00000, 0x00000000e9a00000|100%|HC|  |TAMS 0x00000000e9a00000, 0x00000000e9900000| Complete 
| 154|0x00000000e9a00000, 0x00000000e9b00000, 0x00000000e9b00000|100%|HC|  |TAMS 0x00000000e9b00000, 0x00000000e9a00000| Complete 
| 155|0x00000000e9b00000, 0x00000000e9c00000, 0x00000000e9c00000|100%|HS|  |TAMS 0x00000000e9c00000, 0x00000000e9b00000| Complete 
| 156|0x00000000e9c00000, 0x00000000e9d00000, 0x00000000e9d00000|100%|HS|  |TAMS 0x00000000e9d00000, 0x00000000e9c00000| Complete 
| 157|0x00000000e9d00000, 0x00000000e9e00000, 0x00000000e9e00000|100%| O|  |TAMS 0x00000000e9e00000, 0x00000000e9d00000| Untracked 
| 158|0x00000000e9e00000, 0x00000000e9f00000, 0x00000000e9f00000|100%| O|  |TAMS 0x00000000e9f00000, 0x00000000e9e00000| Untracked 
| 159|0x00000000e9f00000, 0x00000000ea000000, 0x00000000ea000000|100%| O|  |TAMS 0x00000000ea000000, 0x00000000e9f00000| Untracked 
| 160|0x00000000ea000000, 0x00000000ea100000, 0x00000000ea100000|100%| O|  |TAMS 0x00000000ea100000, 0x00000000ea000000| Untracked 
| 161|0x00000000ea100000, 0x00000000ea200000, 0x00000000ea200000|100%| O|  |TAMS 0x00000000ea200000, 0x00000000ea100000| Untracked 
| 162|0x00000000ea200000, 0x00000000ea300000, 0x00000000ea300000|100%| O|  |TAMS 0x00000000ea300000, 0x00000000ea200000| Untracked 
| 163|0x00000000ea300000, 0x00000000ea400000, 0x00000000ea400000|100%| O|  |TAMS 0x00000000ea400000, 0x00000000ea300000| Complete 
| 164|0x00000000ea400000, 0x00000000ea500000, 0x00000000ea500000|100%| O|  |TAMS 0x00000000ea500000, 0x00000000ea400000| Complete 
| 165|0x00000000ea500000, 0x00000000ea600000, 0x00000000ea600000|100%| O|  |TAMS 0x00000000ea600000, 0x00000000ea500000| Untracked 
| 166|0x00000000ea600000, 0x00000000ea700000, 0x00000000ea700000|100%| O|  |TAMS 0x00000000ea700000, 0x00000000ea600000| Untracked 
| 167|0x00000000ea700000, 0x00000000ea800000, 0x00000000ea800000|100%| O|  |TAMS 0x00000000ea800000, 0x00000000ea700000| Complete 
| 168|0x00000000ea800000, 0x00000000ea900000, 0x00000000ea900000|100%| O|  |TAMS 0x00000000ea900000, 0x00000000ea800000| Complete 
| 169|0x00000000ea900000, 0x00000000eaa00000, 0x00000000eaa00000|100%| O|  |TAMS 0x00000000eaa00000, 0x00000000ea900000| Complete 
| 170|0x00000000eaa00000, 0x00000000eab00000, 0x00000000eab00000|100%| O|  |TAMS 0x00000000eab00000, 0x00000000eaa00000| Complete 
| 171|0x00000000eab00000, 0x00000000eac00000, 0x00000000eac00000|100%| O|  |TAMS 0x00000000eac00000, 0x00000000eab00000| Complete 
| 172|0x00000000eac00000, 0x00000000eac08c00, 0x00000000ead00000|  3%| O|  |TAMS 0x00000000eac00000, 0x00000000eac00000| Untracked 
| 173|0x00000000ead00000, 0x00000000eae00000, 0x00000000eae00000|100%| O|  |TAMS 0x00000000eae00000, 0x00000000ead00000| Untracked 
| 174|0x00000000eae00000, 0x00000000eaf00000, 0x00000000eaf00000|100%| O|  |TAMS 0x00000000eaf00000, 0x00000000eae00000| Untracked 
| 175|0x00000000eaf00000, 0x00000000eb000000, 0x00000000eb000000|100%| O|  |TAMS 0x00000000eb000000, 0x00000000eaf00000| Complete 
| 176|0x00000000eb000000, 0x00000000eb000000, 0x00000000eb100000|  0%| F|  |TAMS 0x00000000eb000000, 0x00000000eb000000| Untracked 
| 177|0x00000000eb100000, 0x00000000eb200000, 0x00000000eb200000|100%| O|  |TAMS 0x00000000eb200000, 0x00000000eb100000| Untracked 
| 178|0x00000000eb200000, 0x00000000eb300000, 0x00000000eb300000|100%| O|  |TAMS 0x00000000eb300000, 0x00000000eb200000| Untracked 
| 179|0x00000000eb300000, 0x00000000eb400000, 0x00000000eb400000|100%| O|  |TAMS 0x00000000eb400000, 0x00000000eb300000| Untracked 
| 180|0x00000000eb400000, 0x00000000eb500000, 0x00000000eb500000|100%| O|  |TAMS 0x00000000eb500000, 0x00000000eb400000| Untracked 
| 181|0x00000000eb500000, 0x00000000eb600000, 0x00000000eb600000|100%| O|  |TAMS 0x00000000eb600000, 0x00000000eb500000| Untracked 
| 182|0x00000000eb600000, 0x00000000eb700000, 0x00000000eb700000|100%| O|  |TAMS 0x00000000eb700000, 0x00000000eb600000| Untracked 
| 183|0x00000000eb700000, 0x00000000eb800000, 0x00000000eb800000|100%| O|  |TAMS 0x00000000eb800000, 0x00000000eb700000| Untracked 
| 184|0x00000000eb800000, 0x00000000eb900000, 0x00000000eb900000|100%| O|  |TAMS 0x00000000eb900000, 0x00000000eb800000| Complete 
| 185|0x00000000eb900000, 0x00000000eba00000, 0x00000000eba00000|100%| O|  |TAMS 0x00000000eba00000, 0x00000000eb900000| Untracked 
| 186|0x00000000eba00000, 0x00000000ebb00000, 0x00000000ebb00000|100%| O|  |TAMS 0x00000000ebb00000, 0x00000000eba00000| Untracked 
| 187|0x00000000ebb00000, 0x00000000ebc00000, 0x00000000ebc00000|100%| O|  |TAMS 0x00000000ebc00000, 0x00000000ebb00000| Untracked 
| 188|0x00000000ebc00000, 0x00000000ebc00000, 0x00000000ebd00000|  0%| F|  |TAMS 0x00000000ebc00000, 0x00000000ebc00000| Untracked 
| 189|0x00000000ebd00000, 0x00000000ebd00000, 0x00000000ebe00000|  0%| F|  |TAMS 0x00000000ebd00000, 0x00000000ebd00000| Untracked 
| 190|0x00000000ebe00000, 0x00000000ebf00000, 0x00000000ebf00000|100%| O|  |TAMS 0x00000000ebf00000, 0x00000000ebe00000| Untracked 
| 191|0x00000000ebf00000, 0x00000000ec000000, 0x00000000ec000000|100%| O|  |TAMS 0x00000000ec000000, 0x00000000ebf00000| Untracked 
| 192|0x00000000ec000000, 0x00000000ec000000, 0x00000000ec100000|  0%| F|  |TAMS 0x00000000ec000000, 0x00000000ec000000| Untracked 
| 193|0x00000000ec100000, 0x00000000ec100000, 0x00000000ec200000|  0%| F|  |TAMS 0x00000000ec100000, 0x00000000ec100000| Untracked 
| 194|0x00000000ec200000, 0x00000000ec200000, 0x00000000ec300000|  0%| F|  |TAMS 0x00000000ec200000, 0x00000000ec200000| Untracked 
| 195|0x00000000ec300000, 0x00000000ec300000, 0x00000000ec400000|  0%| F|  |TAMS 0x00000000ec300000, 0x00000000ec300000| Untracked 
| 196|0x00000000ec400000, 0x00000000ec400000, 0x00000000ec500000|  0%| F|  |TAMS 0x00000000ec400000, 0x00000000ec400000| Untracked 
| 197|0x00000000ec500000, 0x00000000ec500000, 0x00000000ec600000|  0%| F|  |TAMS 0x00000000ec500000, 0x00000000ec500000| Untracked 
| 198|0x00000000ec600000, 0x00000000ec600000, 0x00000000ec700000|  0%| F|  |TAMS 0x00000000ec600000, 0x00000000ec600000| Untracked 
| 199|0x00000000ec700000, 0x00000000ec700000, 0x00000000ec800000|  0%| F|  |TAMS 0x00000000ec700000, 0x00000000ec700000| Untracked 
| 200|0x00000000ec800000, 0x00000000ec800000, 0x00000000ec900000|  0%| F|  |TAMS 0x00000000ec800000, 0x00000000ec800000| Untracked 
| 201|0x00000000ec900000, 0x00000000eca00000, 0x00000000eca00000|100%| O|  |TAMS 0x00000000eca00000, 0x00000000ec900000| Untracked 
| 202|0x00000000eca00000, 0x00000000ecb00000, 0x00000000ecb00000|100%| O|  |TAMS 0x00000000ecb00000, 0x00000000eca00000| Complete 
| 203|0x00000000ecb00000, 0x00000000ecc00000, 0x00000000ecc00000|100%| O|  |TAMS 0x00000000ecc00000, 0x00000000ecb00000| Complete 
| 204|0x00000000ecc00000, 0x00000000ecd00000, 0x00000000ecd00000|100%| O|  |TAMS 0x00000000ecd00000, 0x00000000ecc00000| Untracked 
| 205|0x00000000ecd00000, 0x00000000ece00000, 0x00000000ece00000|100%| O|  |TAMS 0x00000000ece00000, 0x00000000ecd00000| Untracked 
| 206|0x00000000ece00000, 0x00000000ecf00000, 0x00000000ecf00000|100%| O|  |TAMS 0x00000000ecf00000, 0x00000000ece00000| Untracked 
| 207|0x00000000ecf00000, 0x00000000ed000000, 0x00000000ed000000|100%| O|  |TAMS 0x00000000ed000000, 0x00000000ecf00000| Untracked 
| 208|0x00000000ed000000, 0x00000000ed100000, 0x00000000ed100000|100%| O|  |TAMS 0x00000000ed100000, 0x00000000ed000000| Untracked 
| 209|0x00000000ed100000, 0x00000000ed200000, 0x00000000ed200000|100%| O|  |TAMS 0x00000000ed200000, 0x00000000ed100000| Untracked 
| 210|0x00000000ed200000, 0x00000000ed300000, 0x00000000ed300000|100%| O|  |TAMS 0x00000000ed300000, 0x00000000ed200000| Untracked 
| 211|0x00000000ed300000, 0x00000000ed400000, 0x00000000ed400000|100%| O|  |TAMS 0x00000000ed400000, 0x00000000ed300000| Untracked 
| 212|0x00000000ed400000, 0x00000000ed400000, 0x00000000ed500000|  0%| F|  |TAMS 0x00000000ed400000, 0x00000000ed400000| Untracked 
| 213|0x00000000ed500000, 0x00000000ed500000, 0x00000000ed600000|  0%| F|  |TAMS 0x00000000ed500000, 0x00000000ed500000| Untracked 
| 214|0x00000000ed600000, 0x00000000ed600000, 0x00000000ed700000|  0%| F|  |TAMS 0x00000000ed600000, 0x00000000ed600000| Untracked 
| 215|0x00000000ed700000, 0x00000000ed700000, 0x00000000ed800000|  0%| F|  |TAMS 0x00000000ed700000, 0x00000000ed700000| Untracked 
| 216|0x00000000ed800000, 0x00000000ed800000, 0x00000000ed900000|  0%| F|  |TAMS 0x00000000ed800000, 0x00000000ed800000| Untracked 
| 217|0x00000000ed900000, 0x00000000eda00000, 0x00000000eda00000|100%| O|  |TAMS 0x00000000eda00000, 0x00000000ed900000| Untracked 
| 218|0x00000000eda00000, 0x00000000edb00000, 0x00000000edb00000|100%| O|  |TAMS 0x00000000edb00000, 0x00000000eda00000| Untracked 
| 219|0x00000000edb00000, 0x00000000edb00000, 0x00000000edc00000|  0%| F|  |TAMS 0x00000000edb00000, 0x00000000edb00000| Untracked 
| 220|0x00000000edc00000, 0x00000000edc00000, 0x00000000edd00000|  0%| F|  |TAMS 0x00000000edc00000, 0x00000000edc00000| Untracked 
| 221|0x00000000edd00000, 0x00000000edd00000, 0x00000000ede00000|  0%| F|  |TAMS 0x00000000edd00000, 0x00000000edd00000| Untracked 
| 222|0x00000000ede00000, 0x00000000ede00000, 0x00000000edf00000|  0%| F|  |TAMS 0x00000000ede00000, 0x00000000ede00000| Untracked 
| 223|0x00000000edf00000, 0x00000000edf00000, 0x00000000ee000000|  0%| F|  |TAMS 0x00000000edf00000, 0x00000000edf00000| Untracked 
| 224|0x00000000ee000000, 0x00000000ee000000, 0x00000000ee100000|  0%| F|  |TAMS 0x00000000ee000000, 0x00000000ee000000| Untracked 
| 225|0x00000000ee100000, 0x00000000ee100000, 0x00000000ee200000|  0%| F|  |TAMS 0x00000000ee100000, 0x00000000ee100000| Untracked 
| 226|0x00000000ee200000, 0x00000000ee200000, 0x00000000ee300000|  0%| F|  |TAMS 0x00000000ee200000, 0x00000000ee200000| Untracked 
| 227|0x00000000ee300000, 0x00000000ee300000, 0x00000000ee400000|  0%| F|  |TAMS 0x00000000ee300000, 0x00000000ee300000| Untracked 
| 228|0x00000000ee400000, 0x00000000ee400000, 0x00000000ee500000|  0%| F|  |TAMS 0x00000000ee400000, 0x00000000ee400000| Untracked 
| 229|0x00000000ee500000, 0x00000000ee500000, 0x00000000ee600000|  0%| F|  |TAMS 0x00000000ee500000, 0x00000000ee500000| Untracked 
| 230|0x00000000ee600000, 0x00000000ee700000, 0x00000000ee700000|100%| S|CS|TAMS 0x00000000ee600000, 0x00000000ee600000| Complete 
| 231|0x00000000ee700000, 0x00000000ee700000, 0x00000000ee800000|  0%| F|  |TAMS 0x00000000ee700000, 0x00000000ee700000| Untracked 
| 232|0x00000000ee800000, 0x00000000ee800000, 0x00000000ee900000|  0%| F|  |TAMS 0x00000000ee800000, 0x00000000ee800000| Untracked 
| 233|0x00000000ee900000, 0x00000000ee900000, 0x00000000eea00000|  0%| F|  |TAMS 0x00000000ee900000, 0x00000000ee900000| Untracked 
| 234|0x00000000eea00000, 0x00000000eea00000, 0x00000000eeb00000|  0%| F|  |TAMS 0x00000000eea00000, 0x00000000eea00000| Untracked 
| 235|0x00000000eeb00000, 0x00000000eeb00000, 0x00000000eec00000|  0%| F|  |TAMS 0x00000000eeb00000, 0x00000000eeb00000| Untracked 
| 236|0x00000000eec00000, 0x00000000eec00000, 0x00000000eed00000|  0%| F|  |TAMS 0x00000000eec00000, 0x00000000eec00000| Untracked 
| 237|0x00000000eed00000, 0x00000000eed00000, 0x00000000eee00000|  0%| F|  |TAMS 0x00000000eed00000, 0x00000000eed00000| Untracked 
| 238|0x00000000eee00000, 0x00000000eee00000, 0x00000000eef00000|  0%| F|  |TAMS 0x00000000eee00000, 0x00000000eee00000| Untracked 
| 239|0x00000000eef00000, 0x00000000eef00000, 0x00000000ef000000|  0%| F|  |TAMS 0x00000000eef00000, 0x00000000eef00000| Untracked 
| 240|0x00000000ef000000, 0x00000000ef000000, 0x00000000ef100000|  0%| F|  |TAMS 0x00000000ef000000, 0x00000000ef000000| Untracked 
| 241|0x00000000ef100000, 0x00000000ef100000, 0x00000000ef200000|  0%| F|  |TAMS 0x00000000ef100000, 0x00000000ef100000| Untracked 
| 242|0x00000000ef200000, 0x00000000ef200000, 0x00000000ef300000|  0%| F|  |TAMS 0x00000000ef200000, 0x00000000ef200000| Untracked 
| 243|0x00000000ef300000, 0x00000000ef300000, 0x00000000ef400000|  0%| F|  |TAMS 0x00000000ef300000, 0x00000000ef300000| Untracked 
| 244|0x00000000ef400000, 0x00000000ef400000, 0x00000000ef500000|  0%| F|  |TAMS 0x00000000ef400000, 0x00000000ef400000| Untracked 
| 245|0x00000000ef500000, 0x00000000ef500000, 0x00000000ef600000|  0%| F|  |TAMS 0x00000000ef500000, 0x00000000ef500000| Untracked 
| 246|0x00000000ef600000, 0x00000000ef600000, 0x00000000ef700000|  0%| F|  |TAMS 0x00000000ef600000, 0x00000000ef600000| Untracked 
| 247|0x00000000ef700000, 0x00000000ef700000, 0x00000000ef800000|  0%| F|  |TAMS 0x00000000ef700000, 0x00000000ef700000| Untracked 
| 248|0x00000000ef800000, 0x00000000ef800000, 0x00000000ef900000|  0%| F|  |TAMS 0x00000000ef800000, 0x00000000ef800000| Untracked 
| 249|0x00000000ef900000, 0x00000000ef900000, 0x00000000efa00000|  0%| F|  |TAMS 0x00000000ef900000, 0x00000000ef900000| Untracked 
| 250|0x00000000efa00000, 0x00000000efa00000, 0x00000000efb00000|  0%| F|  |TAMS 0x00000000efa00000, 0x00000000efa00000| Untracked 
| 251|0x00000000efb00000, 0x00000000efb00000, 0x00000000efc00000|  0%| F|  |TAMS 0x00000000efb00000, 0x00000000efb00000| Untracked 
| 252|0x00000000efc00000, 0x00000000efc00000, 0x00000000efd00000|  0%| F|  |TAMS 0x00000000efc00000, 0x00000000efc00000| Untracked 
| 253|0x00000000efd00000, 0x00000000efd00000, 0x00000000efe00000|  0%| F|  |TAMS 0x00000000efd00000, 0x00000000efd00000| Untracked 
| 254|0x00000000efe00000, 0x00000000efe00000, 0x00000000eff00000|  0%| F|  |TAMS 0x00000000efe00000, 0x00000000efe00000| Untracked 
| 255|0x00000000eff00000, 0x00000000effb6490, 0x00000000f0000000| 71%| E|  |TAMS 0x00000000eff00000, 0x00000000eff00000| Complete 
| 256|0x00000000f0000000, 0x00000000f0100000, 0x00000000f0100000|100%| E|CS|TAMS 0x00000000f0000000, 0x00000000f0000000| Complete 
| 257|0x00000000f0100000, 0x00000000f0200000, 0x00000000f0200000|100%| E|CS|TAMS 0x00000000f0100000, 0x00000000f0100000| Complete 
| 258|0x00000000f0200000, 0x00000000f0300000, 0x00000000f0300000|100%| E|CS|TAMS 0x00000000f0200000, 0x00000000f0200000| Complete 
| 259|0x00000000f0300000, 0x00000000f0400000, 0x00000000f0400000|100%| E|CS|TAMS 0x00000000f0300000, 0x00000000f0300000| Complete 

Card table byte_map: [0x000002d1f9d20000,0x000002d1f9e20000] _byte_map_base: 0x000002d1f9620000

Marking Bits (Prev, Next): (CMBitMap*) 0x000002d1f9516840, (CMBitMap*) 0x000002d1f9516808
 Prev Bits: [0x000002d1fa720000, 0x000002d1faf20000)
 Next Bits: [0x000002d1f9f20000, 0x000002d1fa720000)

Polling page: 0x000002d1f95d0000

Metaspace:

Usage:
  Non-class:    129.71 MB capacity,   127.73 MB ( 98%) used,     1.61 MB (  1%) free+waste,   386.63 KB ( <1%) overhead. 
      Class:     18.75 MB capacity,    17.55 MB ( 94%) used,     1.04 MB (  6%) free+waste,   172.00 KB ( <1%) overhead. 
       Both:    148.47 MB capacity,   145.27 MB ( 98%) used,     2.65 MB (  2%) free+waste,   558.63 KB ( <1%) overhead. 

Virtual space:
  Non-class space:      130.00 MB reserved,     129.82 MB (>99%) committed 
      Class space:      248.00 MB reserved,      18.86 MB (  8%) committed 
             Both:      378.00 MB reserved,     148.67 MB ( 39%) committed 

Chunk freelists:
   Non-Class:  3.00 KB
       Class:  0 bytes
        Both:  3.00 KB

MaxMetaspaceSize: 256.00 MB
CompressedClassSpaceSize: 248.00 MB
Initial GC threshold: 20.80 MB
Current GC threshold: 243.62 MB
CDS: off

CodeHeap 'non-profiled nmethods': size=120064Kb used=14866Kb max_used=14866Kb free=105197Kb
 bounds [0x000002d190120000, 0x000002d190fb0000, 0x000002d197660000]
CodeHeap 'profiled nmethods': size=120000Kb used=47426Kb max_used=49124Kb free=72573Kb
 bounds [0x000002d188bf0000, 0x000002d18bbf0000, 0x000002d190120000]
CodeHeap 'non-nmethods': size=5696Kb used=2495Kb max_used=2530Kb free=3201Kb
 bounds [0x000002d188660000, 0x000002d1888f0000, 0x000002d188bf0000]
 total_blobs=21728 nmethods=20677 adapters=962
 compilation: enabled
              stopped_count=0, restarted_count=0
 full_count=0

Compilation events (20 events):
Event: 2553.785 Thread 0x000002d1fdf5d800 nmethod 22954 0x000002d190fa3190 code [0x000002d190fa3340, 0x000002d190fa33f8]
Event: 2553.786 Thread 0x000002d1fdf5d800 22955       3       org.codehaus.groovy.runtime.StackTraceUtils::isApplicationClass (84 bytes)
Event: 2553.787 Thread 0x000002d1fdf5d800 nmethod 22955 0x000002d189fb6f10 code [0x000002d189fb7160, 0x000002d189fb7b78]
Event: 2553.789 Thread 0x000002d1fdf5d800 22956       3       org.codehaus.groovy.reflection.ReflectionUtils$$Lambda$444/0x00000001005a9840::run (8 bytes)
Event: 2553.790 Thread 0x000002d1fdf5d800 nmethod 22956 0x000002d189b37610 code [0x000002d189b37860, 0x000002d189b38068]
Event: 2553.790 Thread 0x000002d1fd56c000 22957 %     4       org.apache.commons.io.FilenameUtils::doNormalize @ 74 (534 bytes)
Event: 2553.795 Thread 0x000002d1fdf5d800 22958   !   3       org.apache.tools.ant.PropertyHelper::setProperty (238 bytes)
Event: 2553.800 Thread 0x000002d1fdf5d800 nmethod 22958 0x000002d189fbe590 code [0x000002d189fbeb40, 0x000002d189fc19d8]
Event: 2553.833 Thread 0x000002d1fdf5d800 22961       3       kotlin.text.StringsKt__StringsKt::contains$default (15 bytes)
Event: 2553.833 Thread 0x000002d1fdf5d800 nmethod 22961 0x000002d18a47e190 code [0x000002d18a47e340, 0x000002d18a47e488]
Event: 2553.833 Thread 0x000002d1fdf5d800 22962       3       org.gradle.api.internal.plugins.DslObject::getPublicType (40 bytes)
Event: 2553.835 Thread 0x000002d1fdf5d800 nmethod 22962 0x000002d18a3cc590 code [0x000002d18a3cc860, 0x000002d18a3cd958]
Event: 2553.842 Thread 0x000002d1fd56c000 nmethod 22957% 0x000002d190fa3490 code [0x000002d190fa3680, 0x000002d190fa44b8]
Event: 2553.842 Thread 0x000002d1fd56c000 22960       4       org.codehaus.groovy.reflection.ParameterTypes::getParameterTypes (16 bytes)
Event: 2553.890 Thread 0x000002d1fdf5d800 22963 %     2       org.gradle.internal.snapshot.AbstractListChildMap::visitChildren @ 10 (47 bytes)
Event: 2553.890 Thread 0x000002d1fdf5d800 nmethod 22963% 0x000002d1894cd110 code [0x000002d1894cd300, 0x000002d1894cd598]
Event: 2553.890 Thread 0x000002d1fdf5d800 22965       3       org.gradle.internal.snapshot.AbstractIncompleteFileSystemNode::accept (16 bytes)
Event: 2553.891 Thread 0x000002d1fdf5d800 nmethod 22965 0x000002d18a1db690 code [0x000002d18a1db8a0, 0x000002d18a1dbea8]
Event: 2553.979 Thread 0x000002d1fdf5d800 22967       3       org.gradle.api.internal.initialization.ClassLoaderScopeIdentifier$Id::hashCode (23 bytes)
Event: 2553.980 Thread 0x000002d1fdf5d800 nmethod 22967 0x000002d18a3be810 code [0x000002d18a3bea20, 0x000002d18a3bef28]

GC Heap History (20 events):
Event: 2546.461 GC heap before
{Heap before GC invocations=110 (full 0):
 garbage-first heap   total 266240K, used 235876K [0x00000000e0000000, 0x0000000100000000)
  region size 1024K, 29 young (29696K), 2 survivors (2048K)
 Metaspace       used 145949K, capacity 148907K, committed 149680K, reserved 385024K
  class space    used 17513K, capacity 18590K, committed 18796K, reserved 253952K
}
Event: 2546.464 GC heap after
{Heap after GC invocations=111 (full 0):
 garbage-first heap   total 266240K, used 208591K [0x00000000e0000000, 0x0000000100000000)
  region size 1024K, 3 young (3072K), 3 survivors (3072K)
 Metaspace       used 145949K, capacity 148907K, committed 149680K, reserved 385024K
  class space    used 17513K, capacity 18590K, committed 18796K, reserved 253952K
}
Event: 2546.595 GC heap before
{Heap before GC invocations=111 (full 0):
 garbage-first heap   total 266240K, used 235215K [0x00000000e0000000, 0x0000000100000000)
  region size 1024K, 29 young (29696K), 3 survivors (3072K)
 Metaspace       used 145949K, capacity 148907K, committed 149680K, reserved 385024K
  class space    used 17513K, capacity 18590K, committed 18796K, reserved 253952K
}
Event: 2546.598 GC heap after
{Heap after GC invocations=112 (full 0):
 garbage-first heap   total 266240K, used 209015K [0x00000000e0000000, 0x0000000100000000)
  region size 1024K, 3 young (3072K), 3 survivors (3072K)
 Metaspace       used 145949K, capacity 148907K, committed 149680K, reserved 385024K
  class space    used 17513K, capacity 18590K, committed 18796K, reserved 253952K
}
Event: 2546.728 GC heap before
{Heap before GC invocations=112 (full 0):
 garbage-first heap   total 266240K, used 235639K [0x00000000e0000000, 0x0000000100000000)
  region size 1024K, 29 young (29696K), 3 survivors (3072K)
 Metaspace       used 145949K, capacity 148907K, committed 149680K, reserved 385024K
  class space    used 17513K, capacity 18590K, committed 18796K, reserved 253952K
}
Event: 2546.731 GC heap after
{Heap after GC invocations=113 (full 0):
 garbage-first heap   total 266240K, used 209534K [0x00000000e0000000, 0x0000000100000000)
  region size 1024K, 3 young (3072K), 3 survivors (3072K)
 Metaspace       used 145949K, capacity 148907K, committed 149680K, reserved 385024K
  class space    used 17513K, capacity 18590K, committed 18796K, reserved 253952K
}
Event: 2546.850 GC heap before
{Heap before GC invocations=113 (full 0):
 garbage-first heap   total 266240K, used 234110K [0x00000000e0000000, 0x0000000100000000)
  region size 1024K, 28 young (28672K), 3 survivors (3072K)
 Metaspace       used 145949K, capacity 148907K, committed 149680K, reserved 385024K
  class space    used 17513K, capacity 18590K, committed 18796K, reserved 253952K
}
Event: 2546.855 GC heap after
{Heap after GC invocations=114 (full 0):
 garbage-first heap   total 266240K, used 209682K [0x00000000e0000000, 0x0000000100000000)
  region size 1024K, 3 young (3072K), 3 survivors (3072K)
 Metaspace       used 145949K, capacity 148907K, committed 149680K, reserved 385024K
  class space    used 17513K, capacity 18590K, committed 18796K, reserved 253952K
}
Event: 2547.036 GC heap before
{Heap before GC invocations=114 (full 0):
 garbage-first heap   total 266240K, used 234258K [0x00000000e0000000, 0x0000000100000000)
  region size 1024K, 28 young (28672K), 3 survivors (3072K)
 Metaspace       used 145949K, capacity 148907K, committed 149680K, reserved 385024K
  class space    used 17513K, capacity 18590K, committed 18796K, reserved 253952K
}
Event: 2547.041 GC heap after
{Heap after GC invocations=115 (full 0):
 garbage-first heap   total 266240K, used 210064K [0x00000000e0000000, 0x0000000100000000)
  region size 1024K, 3 young (3072K), 3 survivors (3072K)
 Metaspace       used 145949K, capacity 148907K, committed 149680K, reserved 385024K
  class space    used 17513K, capacity 18590K, committed 18796K, reserved 253952K
}
Event: 2547.154 GC heap before
{Heap before GC invocations=116 (full 0):
 garbage-first heap   total 266240K, used 234640K [0x00000000e0000000, 0x0000000100000000)
  region size 1024K, 28 young (28672K), 3 survivors (3072K)
 Metaspace       used 145949K, capacity 148907K, committed 149680K, reserved 385024K
  class space    used 17513K, capacity 18590K, committed 18796K, reserved 253952K
}
Event: 2547.158 GC heap after
{Heap after GC invocations=117 (full 0):
 garbage-first heap   total 266240K, used 210536K [0x00000000e0000000, 0x0000000100000000)
  region size 1024K, 3 young (3072K), 3 survivors (3072K)
 Metaspace       used 145949K, capacity 148907K, committed 149680K, reserved 385024K
  class space    used 17513K, capacity 18590K, committed 18796K, reserved 253952K
}
Event: 2547.285 GC heap before
{Heap before GC invocations=117 (full 0):
 garbage-first heap   total 266240K, used 235112K [0x00000000e0000000, 0x0000000100000000)
  region size 1024K, 27 young (27648K), 3 survivors (3072K)
 Metaspace       used 145949K, capacity 148907K, committed 149680K, reserved 385024K
  class space    used 17513K, capacity 18590K, committed 18796K, reserved 253952K
}
Event: 2547.288 GC heap after
{Heap after GC invocations=118 (full 0):
 garbage-first heap   total 266240K, used 208032K [0x00000000e0000000, 0x0000000100000000)
  region size 1024K, 3 young (3072K), 3 survivors (3072K)
 Metaspace       used 145949K, capacity 148907K, committed 149680K, reserved 385024K
  class space    used 17513K, capacity 18590K, committed 18796K, reserved 253952K
}
Event: 2547.429 GC heap before
{Heap before GC invocations=118 (full 0):
 garbage-first heap   total 266240K, used 235680K [0x00000000e0000000, 0x0000000100000000)
  region size 1024K, 30 young (30720K), 3 survivors (3072K)
 Metaspace       used 145949K, capacity 148907K, committed 149680K, reserved 385024K
  class space    used 17513K, capacity 18590K, committed 18796K, reserved 253952K
}
Event: 2547.433 GC heap after
{Heap after GC invocations=119 (full 0):
 garbage-first heap   total 266240K, used 207860K [0x00000000e0000000, 0x0000000100000000)
  region size 1024K, 2 young (2048K), 2 survivors (2048K)
 Metaspace       used 145949K, capacity 148907K, committed 149680K, reserved 385024K
  class space    used 17513K, capacity 18590K, committed 18796K, reserved 253952K
}
Event: 2547.649 GC heap before
{Heap before GC invocations=119 (full 0):
 garbage-first heap   total 266240K, used 235508K [0x00000000e0000000, 0x0000000100000000)
  region size 1024K, 29 young (29696K), 2 survivors (2048K)
 Metaspace       used 145952K, capacity 148908K, committed 149680K, reserved 385024K
  class space    used 17513K, capacity 18590K, committed 18796K, reserved 253952K
}
Event: 2547.653 GC heap after
{Heap after GC invocations=120 (full 0):
 garbage-first heap   total 266240K, used 206203K [0x00000000e0000000, 0x0000000100000000)
  region size 1024K, 1 young (1024K), 1 survivors (1024K)
 Metaspace       used 145952K, capacity 148908K, committed 149680K, reserved 385024K
  class space    used 17513K, capacity 18590K, committed 18796K, reserved 253952K
}
Event: 2553.708 GC heap before
{Heap before GC invocations=121 (full 0):
 garbage-first heap   total 266240K, used 234875K [0x00000000e0000000, 0x0000000100000000)
  region size 1024K, 29 young (29696K), 1 survivors (1024K)
 Metaspace       used 148557K, capacity 151825K, committed 151984K, reserved 387072K
  class space    used 17939K, capacity 19180K, committed 19308K, reserved 253952K
}
Event: 2553.716 GC heap after
{Heap after GC invocations=122 (full 0):
 garbage-first heap   total 266240K, used 206883K [0x00000000e0000000, 0x0000000100000000)
  region size 1024K, 1 young (1024K), 1 survivors (1024K)
 Metaspace       used 148557K, capacity 151825K, committed 151984K, reserved 387072K
  class space    used 17939K, capacity 19180K, committed 19308K, reserved 253952K
}

Deoptimization events (20 events):
Event: 2553.765 Thread 0x000002d1a9a70000 Uncommon trap: trap_request=0xffffffde fr.pc=0x000002d190826a1c relative=0x000000000000007c
Event: 2553.765 Thread 0x000002d1a9a70000 Uncommon trap: reason=class_check action=maybe_recompile pc=0x000002d190826a1c method=org.gradle.internal.snapshot.RootTrackingFileSystemSnapshotHierarchyVisitor.leaveDirectory(Lorg/gradle/internal/snapshot/DirectorySnapshot;)V @ 24 c2
Event: 2553.765 Thread 0x000002d1a9a70000 DEOPT PACKING pc=0x000002d190826a1c sp=0x000000e1c38fdd00
Event: 2553.765 Thread 0x000002d1a9a70000 DEOPT UNPACKING pc=0x000002d1886aa1af sp=0x000000e1c38fdc80 mode 2
Event: 2553.784 Thread 0x000002d19aef8000 Uncommon trap: trap_request=0xffffff4d fr.pc=0x000002d19034543c relative=0x00000000000008fc
Event: 2553.784 Thread 0x000002d19aef8000 Uncommon trap: reason=unstable_if action=reinterpret pc=0x000002d19034543c method=java.util.regex.Matcher.search(I)Z @ 76 c2
Event: 2553.784 Thread 0x000002d19aef8000 DEOPT PACKING pc=0x000002d19034543c sp=0x000000e1bf7fb600
Event: 2553.784 Thread 0x000002d19aef8000 DEOPT UNPACKING pc=0x000002d1886aa1af sp=0x000000e1bf7fb560 mode 2
Event: 2553.784 Thread 0x000002d19aef8000 Uncommon trap: trap_request=0xffffff4d fr.pc=0x000002d19070b304 relative=0x00000000000007e4
Event: 2553.784 Thread 0x000002d19aef8000 Uncommon trap: reason=unstable_if action=reinterpret pc=0x000002d19070b304 method=java.util.regex.Matcher.search(I)Z @ 76 c2
Event: 2553.784 Thread 0x000002d19aef8000 DEOPT PACKING pc=0x000002d19070b304 sp=0x000000e1bf7fb570
Event: 2553.784 Thread 0x000002d19aef8000 DEOPT UNPACKING pc=0x000002d1886aa1af sp=0x000000e1bf7fb550 mode 2
Event: 2553.923 Thread 0x000002d19aef8000 Uncommon trap: trap_request=0xffffffc6 fr.pc=0x000002d190e1979c relative=0x000000000000021c
Event: 2553.923 Thread 0x000002d19aef8000 Uncommon trap: reason=bimorphic_or_optimized_type_check action=maybe_recompile pc=0x000002d190e1979c method=org.gradle.internal.watch.registry.impl.WatchableHierarchies$RemoveUnwatchedFiles.shouldBeRemoved(Lorg/gradle/internal/snapshot/FileSystemLocationS
Event: 2553.923 Thread 0x000002d19aef8000 DEOPT PACKING pc=0x000002d190e1979c sp=0x000000e1bf7fbb90
Event: 2553.923 Thread 0x000002d19aef8000 DEOPT UNPACKING pc=0x000002d1886aa1af sp=0x000000e1bf7fbad8 mode 2
Event: 2553.948 Thread 0x000002d19aef8000 Uncommon trap: trap_request=0xffffffc6 fr.pc=0x000002d1907d94fc relative=0x00000000000001bc
Event: 2553.948 Thread 0x000002d19aef8000 Uncommon trap: reason=bimorphic_or_optimized_type_check action=maybe_recompile pc=0x000002d1907d94fc method=org.gradle.internal.watch.vfs.impl.DefaultFileSystemWatchingStatistics.lambda$getStatistics$0(Lcom/google/common/collect/EnumMultiset;Lorg/gradle/i
Event: 2553.948 Thread 0x000002d19aef8000 DEOPT PACKING pc=0x000002d1907d94fc sp=0x000000e1bf7fbe50
Event: 2553.948 Thread 0x000002d19aef8000 DEOPT UNPACKING pc=0x000002d1886aa1af sp=0x000000e1bf7fbd90 mode 2

Classes redefined (0 events):
No events

Internal exceptions (20 events):
Event: 2549.648 Thread 0x000002d19aef8000 Exception <a 'java/lang/NoSuchMethodError'{0x00000000eecbbfd0}: <clinit>> (0x00000000eecbbfd0) thrown at [./src/hotspot/share/prims/jni.cpp, line 1366]
Event: 2549.766 Thread 0x000002d1a9a7a000 Exception <a 'java/lang/NoSuchMethodError'{0x00000000eea42c68}: 'java.lang.Object java.lang.invoke.DirectMethodHandle$Holder.invokeStatic(java.lang.Object, java.lang.Object, java.lang.Object, java.lang.Object, java.lang.Object, java.lang.Object, java.lang.Object, java.lang.Object, java.lang.Object, java.lang.Object, java.lang.Object, java.lang.Object, java.lang.Object, int)'> (0x00000000eea42c68) thrown at [./src/hotspot/share/interpreter/linkResolver.cpp, line 773]
Event: 2549.767 Thread 0x000002d1a9a7a000 Exception <a 'java/lang/NoSuchMethodError'{0x00000000eea4f490}: 'java.lang.Object java.lang.invoke.DirectMethodHandle$Holder.invokeStatic(java.lang.Object, java.lang.Object, java.lang.Object, java.lang.Object, java.lang.Object, java.lang.Object, java.lang.Object, java.lang.Object, java.lang.Object, java.lang.Object, java.lang.Object, java.lang.Object, java.lang.Object, int, int)'> (0x00000000eea4f490) thrown at [./src/hotspot/share/interpreter/linkResolver.cpp, line 773]
Event: 2549.772 Thread 0x000002d1a9a7a000 Exception <a 'java/lang/NoSuchMethodError'{0x00000000eea68c78}: 'java.lang.Object java.lang.invoke.DelegatingMethodHandle$Holder.reinvoke_L(java.lang.Object, int, java.lang.Object)'> (0x00000000eea68c78) thrown at [./src/hotspot/share/interpreter/linkResolver.cpp, line 773]
Event: 2552.944 Thread 0x000002d19aef8000 Exception <a 'sun/net/ConnectionResetException'{0x00000000eebc7530}: > (0x00000000eebc7530) thrown at [./src/hotspot/share/prims/jni.cpp, line 637]
Event: 2552.947 Thread 0x000002d1a9a7a000 Exception <a 'sun/net/ConnectionResetException'{0x00000000eea7cee0}: > (0x00000000eea7cee0) thrown at [./src/hotspot/share/prims/jni.cpp, line 637]
Event: 2552.947 Thread 0x000002d19aef9000 Implicit null exception at 0x000002d1904c87f0 to 0x000002d1904c8e28
Event: 2553.000 Thread 0x000002d19aef8000 Exception <a 'java/net/ConnectException'{0x00000000ee93e9f0}: Connection refused: connect> (0x00000000ee93e9f0) thrown at [./src/hotspot/share/prims/jni.cpp, line 637]
Event: 2553.045 Thread 0x000002d19aef8000 Exception <a 'java/net/ConnectException'{0x00000000ee940820}: Connection refused: connect> (0x00000000ee940820) thrown at [./src/hotspot/share/prims/jni.cpp, line 637]
Event: 2553.056 Thread 0x000002d19aef8000 Exception <a 'java/net/ConnectException'{0x00000000ee942540}: Connection refused: connect> (0x00000000ee942540) thrown at [./src/hotspot/share/prims/jni.cpp, line 637]
Event: 2553.628 Thread 0x000002d19aef8000 Exception <a 'java/lang/reflect/InvocationTargetException'{0x00000000ee72da60}> (0x00000000ee72da60) thrown at [./src/hotspot/share/runtime/reflection.cpp, line 1247]
Event: 2553.723 Thread 0x000002d19aef5800 Exception <a 'java/lang/NoSuchMethodError'{0x00000000f0391010}: <clinit>> (0x00000000f0391010) thrown at [./src/hotspot/share/prims/jni.cpp, line 1366]
Event: 2553.726 Thread 0x000002d19aef5800 Exception <a 'java/lang/NoSuchMethodError'{0x00000000f03abf70}: <clinit>> (0x00000000f03abf70) thrown at [./src/hotspot/share/prims/jni.cpp, line 1366]
Event: 2553.726 Thread 0x000002d19aef5800 Exception <a 'java/lang/NoSuchMethodError'{0x00000000f03adaf8}: <clinit>> (0x00000000f03adaf8) thrown at [./src/hotspot/share/prims/jni.cpp, line 1366]
Event: 2553.726 Thread 0x000002d19aef5800 Exception <a 'java/lang/NoSuchMethodError'{0x00000000f03af540}: <clinit>> (0x00000000f03af540) thrown at [./src/hotspot/share/prims/jni.cpp, line 1366]
Event: 2553.729 Thread 0x000002d19aef5800 Exception <a 'java/lang/NoSuchMethodError'{0x00000000f03cac00}: <clinit>> (0x00000000f03cac00) thrown at [./src/hotspot/share/prims/jni.cpp, line 1366]
Event: 2553.731 Thread 0x000002d19aef5800 Exception <a 'java/lang/NoSuchMethodError'{0x00000000f03ddae8}: <clinit>> (0x00000000f03ddae8) thrown at [./src/hotspot/share/prims/jni.cpp, line 1366]
Event: 2553.778 Thread 0x000002d1a9a77800 Exception <a 'java/net/ConnectException'{0x00000000f03ece48}: Connection refused: connect> (0x00000000f03ece48) thrown at [./src/hotspot/share/prims/jni.cpp, line 637]
Event: 2553.815 Thread 0x000002d1a9a77800 Exception <a 'java/net/ConnectException'{0x00000000f03ed628}: Connection refused: connect> (0x00000000f03ed628) thrown at [./src/hotspot/share/prims/jni.cpp, line 637]
Event: 2553.838 Thread 0x000002d1a9a77800 Exception <a 'java/net/ConnectException'{0x00000000f03ede08}: Connection refused: connect> (0x00000000f03ede08) thrown at [./src/hotspot/share/prims/jni.cpp, line 637]

Events (20 events):
Event: 2553.888 loading class org/gradle/internal/buildevents/BuildExceptionReporter$1 done
Event: 2553.958 Thread 0x000002d19aefc000 Thread exited: 0x000002d19aefc000
Event: 2553.960 Thread 0x000002d1a9a70000 Thread exited: 0x000002d1a9a70000
Event: 2553.961 Executing VM operation: RevokeBias
Event: 2553.961 Executing VM operation: RevokeBias done
Event: 2553.962 Thread 0x000002d19aeff800 Thread exited: 0x000002d19aeff800
Event: 2553.962 Executing VM operation: RevokeBias
Event: 2553.963 Executing VM operation: RevokeBias done
Event: 2553.965 Thread 0x000002d19aefa800 Thread exited: 0x000002d19aefa800
Event: 2553.967 Executing VM operation: RevokeBias
Event: 2553.967 Executing VM operation: RevokeBias done
Event: 2553.967 Executing VM operation: BulkRevokeBias
Event: 2553.970 Executing VM operation: BulkRevokeBias done
Event: 2553.974 loading class org/gradle/util/internal/DisconnectableInputStream$ThreadExecuter
Event: 2553.974 loading class org/gradle/util/internal/DisconnectableInputStream$ThreadExecuter done
Event: 2553.975 loading class org/gradle/util/internal/DisconnectableInputStream$1
Event: 2553.975 loading class org/gradle/util/internal/DisconnectableInputStream$1 done
Event: 2553.978 Thread 0x000002d1a9a6f800 Thread added: 0x000002d1a9a6f800
Event: 2553.978 loading class org/gradle/execution/DefaultCancellableOperationManager
Event: 2553.978 loading class org/gradle/execution/DefaultCancellableOperationManager done


Dynamic libraries:
0x00007ff653420000 - 0x00007ff65342d000 	C:\Users\murii\.jdks\corretto-11.0.14.1\bin\java.exe
0x00007ffa55800000 - 0x00007ffa55a09000 	C:\Windows\SYSTEM32\ntdll.dll
0x00007ffa54090000 - 0x00007ffa5414d000 	C:\Windows\System32\KERNEL32.DLL
0x00007ffa530a0000 - 0x00007ffa53414000 	C:\Windows\System32\KERNELBASE.dll
0x00007ffa52f80000 - 0x00007ffa53091000 	C:\Windows\System32\ucrtbase.dll
0x00007ffa24040000 - 0x00007ffa24057000 	C:\Users\murii\.jdks\corretto-11.0.14.1\bin\jli.dll
0x00007ffa53830000 - 0x00007ffa539dc000 	C:\Windows\System32\USER32.dll
0x00007ffa53600000 - 0x00007ffa53626000 	C:\Windows\System32\win32u.dll
0x00007ffa53bf0000 - 0x00007ffa53c19000 	C:\Windows\System32\GDI32.dll
0x00007ffa52cf0000 - 0x00007ffa52e02000 	C:\Windows\System32\gdi32full.dll
0x00007ffa53420000 - 0x00007ffa534bd000 	C:\Windows\System32\msvcp_win.dll
0x00007ffa23810000 - 0x00007ffa23829000 	C:\Users\murii\.jdks\corretto-11.0.14.1\bin\VCRUNTIME140.dll
0x00007ffa39250000 - 0x00007ffa394f5000 	C:\Windows\WinSxS\amd64_microsoft.windows.common-controls_6595b64144ccf1df_6.0.22000.120_none_9d947278b86cc467\COMCTL32.dll
0x00007ffa53780000 - 0x00007ffa53823000 	C:\Windows\System32\msvcrt.dll
0x00007ffa550d0000 - 0x00007ffa55101000 	C:\Windows\System32\IMM32.DLL
0x00007ffa16720000 - 0x00007ffa167bb000 	C:\Users\murii\.jdks\corretto-11.0.14.1\bin\msvcp140.dll
0x00007ff9ef570000 - 0x00007ff9f00f3000 	C:\Users\murii\.jdks\corretto-11.0.14.1\bin\server\jvm.dll
0x00007ffa54f70000 - 0x00007ffa5501e000 	C:\Windows\System32\ADVAPI32.dll
0x00007ffa54920000 - 0x00007ffa549be000 	C:\Windows\System32\sechost.dll
0x00007ffa549c0000 - 0x00007ffa54ae0000 	C:\Windows\System32\RPCRT4.dll
0x00007ffa54150000 - 0x00007ffa54158000 	C:\Windows\System32\PSAPI.DLL
0x00007ffa493b0000 - 0x00007ffa493b9000 	C:\Windows\SYSTEM32\WSOCK32.dll
0x00007ffa54020000 - 0x00007ffa5408f000 	C:\Windows\System32\WS2_32.dll
0x00007ffa4cf90000 - 0x00007ffa4cfc3000 	C:\Windows\SYSTEM32\WINMM.dll
0x00007ffa41a00000 - 0x00007ffa41a0a000 	C:\Windows\SYSTEM32\VERSION.dll
0x00007ffa51df0000 - 0x00007ffa51e08000 	C:\Windows\SYSTEM32\kernel.appcore.dll
0x00007ffa31160000 - 0x00007ffa31170000 	C:\Users\murii\.jdks\corretto-11.0.14.1\bin\verify.dll
0x00007ffa4d7e0000 - 0x00007ffa4da01000 	C:\Windows\SYSTEM32\DBGHELP.DLL
0x00007ffa39ce0000 - 0x00007ffa39d11000 	C:\Windows\SYSTEM32\dbgcore.DLL
0x00007ffa53580000 - 0x00007ffa535ff000 	C:\Windows\System32\bcryptPrimitives.dll
0x00007ffa22190000 - 0x00007ffa221b8000 	C:\Users\murii\.jdks\corretto-11.0.14.1\bin\java.dll
0x00007ffa30370000 - 0x00007ffa3037a000 	C:\Users\murii\.jdks\corretto-11.0.14.1\bin\jimage.dll
0x00007ffa22170000 - 0x00007ffa22188000 	C:\Users\murii\.jdks\corretto-11.0.14.1\bin\zip.dll
0x00007ffa54170000 - 0x00007ffa5491e000 	C:\Windows\System32\SHELL32.dll
0x00007ffa50e60000 - 0x00007ffa516c7000 	C:\Windows\SYSTEM32\windows.storage.dll
0x00007ffa54bf0000 - 0x00007ffa54f68000 	C:\Windows\System32\combase.dll
0x00007ffa50cf0000 - 0x00007ffa50e56000 	C:\Windows\SYSTEM32\wintypes.dll
0x00007ffa54ae0000 - 0x00007ffa54bca000 	C:\Windows\System32\SHCORE.dll
0x00007ffa53c20000 - 0x00007ffa53c7d000 	C:\Windows\System32\shlwapi.dll
0x00007ffa52c20000 - 0x00007ffa52c41000 	C:\Windows\SYSTEM32\profapi.dll
0x00007ffa21860000 - 0x00007ffa21879000 	C:\Users\murii\.jdks\corretto-11.0.14.1\bin\net.dll
0x00007ffa47d90000 - 0x00007ffa47e9c000 	C:\Windows\SYSTEM32\WINHTTP.dll
0x00007ffa52220000 - 0x00007ffa52287000 	C:\Windows\system32\mswsock.dll
0x00007ffa1f2f0000 - 0x00007ffa1f303000 	C:\Users\murii\.jdks\corretto-11.0.14.1\bin\nio.dll
0x00007ffa27d30000 - 0x00007ffa27d57000 	C:\Users\murii\.gradle\native\8bec1ad78214c89d9ad589b4d07fe93259594b29d510b10fafb7a158f7737e5d\windows-amd64\native-platform.dll
0x00007ffa03660000 - 0x00007ffa0379d000 	C:\Users\murii\.gradle\native\53dbd7edfb1c66fb8903c78663c9afc45aea4f116125fa6feffd364cf09443e8\windows-amd64\native-platform-file-events.dll
0x00007ffa2f360000 - 0x00007ffa2f369000 	C:\Users\murii\.jdks\corretto-11.0.14.1\bin\management.dll
0x00007ffa2ef80000 - 0x00007ffa2ef8b000 	C:\Users\murii\.jdks\corretto-11.0.14.1\bin\management_ext.dll
0x00007ffa52460000 - 0x00007ffa52478000 	C:\Windows\SYSTEM32\CRYPTSP.dll
0x00007ffa51d50000 - 0x00007ffa51d85000 	C:\Windows\system32\rsaenh.dll
0x00007ffa52310000 - 0x00007ffa52339000 	C:\Windows\SYSTEM32\USERENV.dll
0x00007ffa525e0000 - 0x00007ffa52607000 	C:\Windows\SYSTEM32\bcrypt.dll
0x00007ffa52480000 - 0x00007ffa5248c000 	C:\Windows\SYSTEM32\CRYPTBASE.dll
0x00007ffa51920000 - 0x00007ffa5194d000 	C:\Windows\SYSTEM32\IPHLPAPI.DLL
0x00007ffa53c80000 - 0x00007ffa53c89000 	C:\Windows\System32\NSI.dll
0x00007ffa47bf0000 - 0x00007ffa47c09000 	C:\Windows\SYSTEM32\dhcpcsvc6.DLL
0x00007ffa48180000 - 0x00007ffa4819e000 	C:\Windows\SYSTEM32\dhcpcsvc.DLL
0x00007ffa51990000 - 0x00007ffa51a77000 	C:\Windows\SYSTEM32\DNSAPI.dll
0x00007ffa4ba00000 - 0x00007ffa4ba0e000 	C:\Users\murii\.jdks\corretto-11.0.14.1\bin\sunmscapi.dll
0x00007ffa52e10000 - 0x00007ffa52f72000 	C:\Windows\System32\CRYPT32.dll
0x00007ffa525b0000 - 0x00007ffa525d8000 	C:\Windows\SYSTEM32\ncrypt.dll
0x00007ffa52570000 - 0x00007ffa525a7000 	C:\Windows\SYSTEM32\NTASN1.dll
0x00007ffa403f0000 - 0x00007ffa40415000 	C:\Users\murii\.jdks\corretto-11.0.14.1\bin\sunec.dll
0x00007ffa40630000 - 0x00007ffa4063a000 	C:\Windows\System32\rasadhlp.dll
0x00007ffa44c80000 - 0x00007ffa44d01000 	C:\Windows\System32\fwpuclnt.dll
0x00007ffa35c20000 - 0x00007ffa35c3e000 	C:\Users\murii\AppData\Local\Temp\native-platform9081869345643637719dir\native-platform.dll
0x00007ffa4b970000 - 0x00007ffa4b977000 	C:\Users\murii\.jdks\corretto-11.0.14.1\bin\rmi.dll

dbghelp: loaded successfully - version: 4.0.5 - missing functions: none
symbol engine: initialized successfully - sym options: 0x614 - pdb path: .;C:\Users\murii\.jdks\corretto-11.0.14.1\bin;C:\Windows\SYSTEM32;C:\Windows\WinSxS\amd64_microsoft.windows.common-controls_6595b64144ccf1df_6.0.22000.120_none_9d947278b86cc467;C:\Users\murii\.jdks\corretto-11.0.14.1\bin\server;C:\Users\murii\.gradle\native\8bec1ad78214c89d9ad589b4d07fe93259594b29d510b10fafb7a158f7737e5d\windows-amd64;C:\Users\murii\.gradle\native\53dbd7edfb1c66fb8903c78663c9afc45aea4f116125fa6feffd364cf09443e8\windows-amd64;C:\Users\murii\AppData\Local\Temp\native-platform9081869345643637719dir

VM Arguments:
jvm_args: --add-opens=java.base/java.util=ALL-UNNAMED --add-opens=java.base/java.lang=ALL-UNNAMED --add-opens=java.base/java.lang.invoke=ALL-UNNAMED --add-opens=java.base/java.util=ALL-UNNAMED --add-opens=java.prefs/java.util.prefs=ALL-UNNAMED --add-opens=java.prefs/java.util.prefs=ALL-UNNAMED --add-opens=java.base/java.nio.charset=ALL-UNNAMED --add-opens=java.base/java.net=ALL-UNNAMED --add-opens=java.base/java.util.concurrent.atomic=ALL-UNNAMED -XX:MaxMetaspaceSize=256m -XX:+HeapDumpOnOutOfMemoryError -Xms256m -Xmx512m -Dfile.encoding=windows-1252 -Duser.country=GB -Duser.language=en -Duser.variant 
java_command: org.gradle.launcher.daemon.bootstrap.GradleDaemon 7.1
java_class_path (initial): C:\Users\murii\.gradle\wrapper\dists\gradle-7.1-bin\4pslxx9lrxt5svtz5wbnb6tkz\gradle-7.1\lib\gradle-launcher-7.1.jar
Launcher Type: SUN_STANDARD

[Global flags]
     intx CICompilerCount                          = 3                                         {product} {ergonomic}
   size_t CompressedClassSpaceSize                 = 260046848                                 {product} {ergonomic}
     uint ConcGCThreads                            = 1                                         {product} {ergonomic}
     uint G1ConcRefinementThreads                  = 4                                         {product} {ergonomic}
   size_t G1HeapRegionSize                         = 1048576                                   {product} {ergonomic}
    uintx GCDrainStackTargetSize                   = 64                                        {product} {ergonomic}
     bool HeapDumpOnOutOfMemoryError               = true                                   {manageable} {command line}
   size_t InitialHeapSize                          = 268435456                                 {product} {command line}
   size_t MarkStackSize                            = 4194304                                   {product} {ergonomic}
   size_t MaxHeapSize                              = 536870912                                 {product} {command line}
   size_t MaxMetaspaceSize                         = 268435456                                 {product} {command line}
   size_t MaxNewSize                               = 321912832                                 {product} {ergonomic}
   size_t MinHeapDeltaBytes                        = 1048576                                   {product} {ergonomic}
    uintx NonNMethodCodeHeapSize                   = 5830732                                {pd product} {ergonomic}
    uintx NonProfiledCodeHeapSize                  = 122913754                              {pd product} {ergonomic}
    uintx ProfiledCodeHeapSize                     = 122913754                              {pd product} {ergonomic}
    uintx ReservedCodeCacheSize                    = 251658240                              {pd product} {ergonomic}
     bool SegmentedCodeCache                       = true                                      {product} {ergonomic}
     bool UseCompressedClassPointers               = true                                 {lp64_product} {ergonomic}
     bool UseCompressedOops                        = true                                 {lp64_product} {ergonomic}
     bool UseG1GC                                  = true                                      {product} {ergonomic}
     bool UseLargePagesIndividualAllocation        = false                                  {pd product} {ergonomic}

Logging:
Log output configuration:
 #0: stdout all=warning uptime,level,tags
 #1: stderr all=off uptime,level,tags

Environment Variables:
PATH=C:\Program Files\Common Files\Oracle\Java\javapath;C:\Windows\system32;C:\Windows;C:\Windows\System32\Wbem;C:\Windows\System32\WindowsPowerShell\v1.0\;C:\Windows\System32\OpenSSH\;C:\Program Files\Git\cmd;C:\Program Files\nodejs\;C:\Users\murii\AppData\Local\Microsoft\WindowsApps;C:\Users\murii\AppData\Roaming\npm
USERNAME=murii
OS=Windows_NT
PROCESSOR_IDENTIFIER=Intel64 Family 6 Model 78 Stepping 3, GenuineIntel



---------------  S Y S T E M  ---------------

OS: Windows 11 , 64 bit Build 22000 (10.0.22000.434)
OS uptime: 14 days 22:49 hours

CPU:total 4 (initial active 4) (2 cores per cpu, 2 threads per core) family 6 model 78 stepping 3 microcode 0xd6, cmov, cx8, fxsr, mmx, sse, sse2, sse3, ssse3, sse4.1, sse4.2, popcnt, avx, avx2, aes, clmul, erms, rtm, 3dnowpref, lzcnt, ht, tsc, tscinvbit, bmi1, bmi2, adx, fma

Memory: 4k page, system-wide physical 7848M (490M free)
TotalPageFile size 15270M (AvailPageFile size 6M)
current process WorkingSet (physical memory assigned to process): 490M, peak: 607M
current process commit charge ("private bytes"): 664M, peak: 674M

vm_info: OpenJDK 64-Bit Server VM (11.0.14.1+10-LTS) for windows-amd64 JRE (11.0.14.1+10-LTS), built on Feb  8 2022 00:13:20 by "Administrator" with unknown MS VC++:1916

END.
