#
# There is insufficient memory for the Java Runtime Environment to continue.
# Native memory allocation (mmap) failed to map 130023424 bytes for Failed to commit area from 0x0000000085400000 to 0x000000008d000000 of length 130023424.
# Possible reasons:
#   The system is out of physical RAM or swap space
#   The process is running with CompressedOops enabled, and the Java Heap may be blocking the growth of the native heap
# Possible solutions:
#   Reduce memory load on the system
#   Increase physical memory or swap space
#   Check if swap backing store is full
#   Decrease Java heap size (-Xmx/-Xms)
#   Decrease number of Java threads
#   Decrease Java thread stack sizes (-Xss)
#   Set larger code cache with -XX:ReservedCodeCacheSize=
# This output file may be truncated or incomplete.
#
#  Out of Memory Error (./src/hotspot/os/windows/os_windows.cpp:3387), pid=18456, tid=17044
#
# JRE version:  (11.0.14.1+10) (build )
# Java VM: OpenJDK 64-Bit Server VM (11.0.14.1+10-LTS, mixed mode, sharing, tiered, compressed oops, g1 gc, windows-amd64)
# No core dump will be written. Minidumps are not enabled by default on client versions of Windows
#

---------------  S U M M A R Y ------------

Command Line: -javaagent:E:\Programs\IntelliJ IDEA Community Edition 2021.3.2\lib\idea_rt.jar=6648:E:\Programs\IntelliJ IDEA Community Edition 2021.3.2\bin -Dfile.encoding=UTF-8 MainKt

Host: Intel(R) Core(TM) i5-6300U CPU @ 2.40GHz, 4 cores, 7G,  Windows 11 , 64 bit Build 22000 (10.0.22000.434)
Time: Tue Mar  8 16:02:48 2022 E. Africa Standard Time elapsed time: 0.024455 seconds (0d 0h 0m 0s)

---------------  T H R E A D  ---------------

Current thread (0x000001572ab04000):  JavaThread "Unknown thread" [_thread_in_vm, id=17044, stack(0x00000050d2600000,0x00000050d2700000)]

Stack: [0x00000050d2600000,0x00000050d2700000]
Native frames: (J=compiled Java code, j=interpreted, Vv=VM code, C=native code)
V  [jvm.dll+0x61e62a]
V  [jvm.dll+0x7ab569]
V  [jvm.dll+0x7acc58]
V  [jvm.dll+0x7ad333]
V  [jvm.dll+0x24f7f8]
V  [jvm.dll+0x61b8ca]
V  [jvm.dll+0x610155]
V  [jvm.dll+0x30756c]
V  [jvm.dll+0x3073f2]
V  [jvm.dll+0x30c116]
V  [jvm.dll+0x3527bf]
V  [jvm.dll+0x3521f0]
V  [jvm.dll+0x2e4568]
V  [jvm.dll+0x2e56c6]
V  [jvm.dll+0x785407]
V  [jvm.dll+0x786b8f]
V  [jvm.dll+0x35f4f9]
V  [jvm.dll+0x7683a0]
V  [jvm.dll+0x3ccf9f]
V  [jvm.dll+0x3cf331]
C  [jli.dll+0x5207]
C  [ucrtbase.dll+0x26c0c]
C  [KERNEL32.DLL+0x154e0]
C  [ntdll.dll+0x485b]


---------------  P R O C E S S  ---------------

Threads class SMR info:
_java_thread_list=0x00000157289480f0, length=0, elements={
}

Java Threads: ( => current thread )

Other Threads:
  0x000001572ab1b800 GCTaskThread "GC Thread#0" [stack: 0x00000050d2700000,0x00000050d2800000] [id=10052]
  0x000001572ab4e000 ConcurrentGCThread "G1 Main Marker" [stack: 0x00000050d2800000,0x00000050d2900000] [id=11892]
  0x000001572ab4f000 ConcurrentGCThread "G1 Conc#0" [stack: 0x00000050d2900000,0x00000050d2a00000] [id=6284]

[error occurred during error reporting (printing all threads), id 0xc0000005, EXCEPTION_ACCESS_VIOLATION (0xc0000005) at pc=0x00007ff9f4363d37]

VM state:not at safepoint (not fully initialized)

VM Mutex/Monitor currently owned by a thread:  ([mutex/lock_event])
[0x000001572aaff550] Heap_lock - owner thread: 0x000001572ab04000

Heap address: 0x0000000085400000, size: 1964 MB, Compressed Oops mode: Non-zero based: 0x0000000085400000
Narrow klass base: 0x0000000000000000, Narrow klass shift: 0

GC Heap History (0 events):
No events

Deoptimization events (0 events):
No events

Classes redefined (0 events):
No events

Internal exceptions (0 events):
No events

Events (1 events):
Event: 0.015 Loaded shared library C:\Users\murii\.jdks\corretto-11.0.14.1\bin\zip.dll


Dynamic libraries:
0x00007ff653420000 - 0x00007ff65342d000 	C:\Users\murii\.jdks\corretto-11.0.14.1\bin\java.exe
0x00007ffa55800000 - 0x00007ffa55a09000 	C:\Windows\SYSTEM32\ntdll.dll
0x00007ffa54090000 - 0x00007ffa5414d000 	C:\Windows\System32\KERNEL32.DLL
0x00007ffa530a0000 - 0x00007ffa53414000 	C:\Windows\System32\KERNELBASE.dll
0x00007ffa52f80000 - 0x00007ffa53091000 	C:\Windows\System32\ucrtbase.dll
0x00007ffa35c20000 - 0x00007ffa35c39000 	C:\Users\murii\.jdks\corretto-11.0.14.1\bin\VCRUNTIME140.dll
0x00007ffa40400000 - 0x00007ffa40417000 	C:\Users\murii\.jdks\corretto-11.0.14.1\bin\jli.dll
0x00007ffa53830000 - 0x00007ffa539dc000 	C:\Windows\System32\USER32.dll
0x00007ffa53600000 - 0x00007ffa53626000 	C:\Windows\System32\win32u.dll
0x00007ffa39250000 - 0x00007ffa394f5000 	C:\Windows\WinSxS\amd64_microsoft.windows.common-controls_6595b64144ccf1df_6.0.22000.120_none_9d947278b86cc467\COMCTL32.dll
0x00007ffa53bf0000 - 0x00007ffa53c19000 	C:\Windows\System32\GDI32.dll
0x00007ffa53780000 - 0x00007ffa53823000 	C:\Windows\System32\msvcrt.dll
0x00007ffa52cf0000 - 0x00007ffa52e02000 	C:\Windows\System32\gdi32full.dll
0x00007ffa53420000 - 0x00007ffa534bd000 	C:\Windows\System32\msvcp_win.dll
0x00007ffa550d0000 - 0x00007ffa55101000 	C:\Windows\System32\IMM32.DLL
0x00007ffa1c640000 - 0x00007ffa1c6db000 	C:\Users\murii\.jdks\corretto-11.0.14.1\bin\msvcp140.dll
0x00007ff9f4070000 - 0x00007ff9f4bf3000 	C:\Users\murii\.jdks\corretto-11.0.14.1\bin\server\jvm.dll
0x00007ffa54f70000 - 0x00007ffa5501e000 	C:\Windows\System32\ADVAPI32.dll
0x00007ffa54920000 - 0x00007ffa549be000 	C:\Windows\System32\sechost.dll
0x00007ffa549c0000 - 0x00007ffa54ae0000 	C:\Windows\System32\RPCRT4.dll
0x00007ffa54150000 - 0x00007ffa54158000 	C:\Windows\System32\PSAPI.DLL
0x00007ffa493b0000 - 0x00007ffa493b9000 	C:\Windows\SYSTEM32\WSOCK32.dll
0x00007ffa4cf90000 - 0x00007ffa4cfc3000 	C:\Windows\SYSTEM32\WINMM.dll
0x00007ffa54020000 - 0x00007ffa5408f000 	C:\Windows\System32\WS2_32.dll
0x00007ffa41a00000 - 0x00007ffa41a0a000 	C:\Windows\SYSTEM32\VERSION.dll
0x00007ffa51df0000 - 0x00007ffa51e08000 	C:\Windows\SYSTEM32\kernel.appcore.dll
0x00007ffa4ba00000 - 0x00007ffa4ba10000 	C:\Users\murii\.jdks\corretto-11.0.14.1\bin\verify.dll
0x00007ffa4d7e0000 - 0x00007ffa4da01000 	C:\Windows\SYSTEM32\DBGHELP.DLL
0x00007ffa39ce0000 - 0x00007ffa39d11000 	C:\Windows\SYSTEM32\dbgcore.DLL
0x00007ffa53580000 - 0x00007ffa535ff000 	C:\Windows\System32\bcryptPrimitives.dll
0x00007ffa30320000 - 0x00007ffa30348000 	C:\Users\murii\.jdks\corretto-11.0.14.1\bin\java.dll
0x00007ffa4b970000 - 0x00007ffa4b97a000 	C:\Users\murii\.jdks\corretto-11.0.14.1\bin\jimage.dll
0x00007ffa31160000 - 0x00007ffa3116e000 	C:\Users\murii\.jdks\corretto-11.0.14.1\bin\instrument.dll
0x00007ffa28230000 - 0x00007ffa28248000 	C:\Users\murii\.jdks\corretto-11.0.14.1\bin\zip.dll

dbghelp: loaded successfully - version: 4.0.5 - missing functions: none
symbol engine: initialized successfully - sym options: 0x614 - pdb path: .;C:\Users\murii\.jdks\corretto-11.0.14.1\bin;C:\Windows\SYSTEM32;C:\Windows\WinSxS\amd64_microsoft.windows.common-controls_6595b64144ccf1df_6.0.22000.120_none_9d947278b86cc467;C:\Users\murii\.jdks\corretto-11.0.14.1\bin\server

VM Arguments:
jvm_args: -javaagent:E:\Programs\IntelliJ IDEA Community Edition 2021.3.2\lib\idea_rt.jar=6648:E:\Programs\IntelliJ IDEA Community Edition 2021.3.2\bin -Dfile.encoding=UTF-8 
java_command: MainKt
java_class_path (initial): E:\compose\ComposeDemo\build\classes\kotlin\main;C:\Users\murii\.gradle\caches\modules-2\files-2.1\org.jetbrains.kotlin\kotlin-stdlib-jdk8\1.5.31\ff5d99aecd328872494e8921b72bf6e3af97af3e\kotlin-stdlib-jdk8-1.5.31.jar;C:\Users\murii\.gradle\caches\modules-2\files-2.1\org.jetbrains.kotlin\kotlin-stdlib-jdk7\1.5.31\77e0f2568912e45d26c31fd417a332458508acdf\kotlin-stdlib-jdk7-1.5.31.jar;C:\Users\murii\.gradle\caches\modules-2\files-2.1\org.jetbrains.kotlin\kotlin-stdlib\1.5.31\6628d61d0f5603568e72d2d5915d2c034b4f1c55\kotlin-stdlib-1.5.31.jar;C:\Users\murii\.gradle\caches\modules-2\files-2.1\org.jetbrains.compose.desktop\desktop-jvm\1.0.0\2a3891470b97a54f568ac80a224379868d3e74a5\desktop-jvm-1.0.0.jar;C:\Users\murii\.gradle\caches\modules-2\files-2.1\org.jetbrains\annotations\13.0\919f0dfe192fb4e063e7dacadee7f8bb9a2672a9\annotations-13.0.jar;C:\Users\murii\.gradle\caches\modules-2\files-2.1\org.jetbrains.kotlin\kotlin-stdlib-common\1.5.31\43331609c7de811fed085e0dfd150874b157c32\kotlin-stdlib-common-1.5.31.jar;C:\Users\murii\.gradle\caches\modules-2\files-2.1\org.jetbrains.compose.material\material-desktop\1.0.0\cfe6322b2b9da14265a01349a76e70d09ac9e64f\material-desktop-1.0.0.jar;C:\Users\murii\.gradle\caches\modules-2\files-2.1\org.jetbrains.compose.foundation\foundation-desktop\1.0.0\1f99bff316ab8f90b137cc66866c001b7d066fbf\foundation-desktop-1.0.0.jar;C:\Users\murii\.gradle\caches\modules-2\files-2.1\org.jetbrains.compose.ui\ui-desktop\1.0.0\fce3db31fddeb52f07b054afa90bcf52695bfdce\ui-desktop-1.0.0.jar;C:\Users\murii\.gradle\caches\modules-2\files-2.1\org.jetbrains.compose.ui\ui-tooling-preview-desktop\1.0.0\4676c56ea7defd68facfab054079ac1e76aba57f\ui-tooling-preview-desktop-1.0.0.jar;C:\Users\murii\.gradle\caches\modules-2\files-2.1\org.jetbrains.compose.runtime\runtime-desktop\1.0.0\938c6f67363ebfbe63308271ef863d8a23e98f18\runtime-desktop-1.0.0.jar;C:\Users\murii\.gradle\caches\modules-2\files-2.1\org.jetbrains.kotlinx\kotlinx-coroutines-swi
Launcher Type: SUN_STANDARD

[Global flags]
     intx CICompilerCount                          = 3                                         {product} {ergonomic}
     uint ConcGCThreads                            = 1                                         {product} {ergonomic}
     uint G1ConcRefinementThreads                  = 4                                         {product} {ergonomic}
   size_t G1HeapRegionSize                         = 1048576                                   {product} {ergonomic}
    uintx GCDrainStackTargetSize                   = 64                                        {product} {ergonomic}
   size_t InitialHeapSize                          = 130023424                                 {product} {ergonomic}
   size_t MarkStackSize                            = 4194304                                   {product} {ergonomic}
   size_t MaxHeapSize                              = 2059403264                                {product} {ergonomic}
   size_t MinHeapDeltaBytes                        = 1048576                                   {product} {ergonomic}
    uintx NonNMethodCodeHeapSize                   = 5830732                                {pd product} {ergonomic}
    uintx NonProfiledCodeHeapSize                  = 122913754                              {pd product} {ergonomic}
    uintx ProfiledCodeHeapSize                     = 122913754                              {pd product} {ergonomic}
    uintx ReservedCodeCacheSize                    = 251658240                              {pd product} {ergonomic}
     bool SegmentedCodeCache                       = true                                      {product} {ergonomic}
     bool UseCompressedClassPointers               = true                                 {lp64_product} {ergonomic}
     bool UseCompressedOops                        = true                                 {lp64_product} {ergonomic}
     bool UseG1GC                                  = true                                      {product} {ergonomic}
     bool UseLargePagesIndividualAllocation        = false                                  {pd product} {ergonomic}

Logging:
Log output configuration:
 #0: stdout all=warning uptime,level,tags
 #1: stderr all=off uptime,level,tags

Environment Variables:
PATH=C:\Program Files\Common Files\Oracle\Java\javapath;C:\Windows\system32;C:\Windows;C:\Windows\System32\Wbem;C:\Windows\System32\WindowsPowerShell\v1.0\;C:\Windows\System32\OpenSSH\;C:\Program Files\Git\cmd;C:\Program Files\nodejs\;C:\Users\murii\AppData\Local\Microsoft\WindowsApps;C:\Users\murii\AppData\Roaming\npm
USERNAME=murii
OS=Windows_NT
PROCESSOR_IDENTIFIER=Intel64 Family 6 Model 78 Stepping 3, GenuineIntel



---------------  S Y S T E M  ---------------

OS: Windows 11 , 64 bit Build 22000 (10.0.22000.434)
OS uptime: 14 days 22:50 hours

CPU:total 4 (initial active 4) (2 cores per cpu, 2 threads per core) family 6 model 78 stepping 3 microcode 0xd6, cmov, cx8, fxsr, mmx, sse, sse2, sse3, ssse3, sse4.1, sse4.2, popcnt, avx, avx2, aes, clmul, erms, rtm, 3dnowpref, lzcnt, ht, tsc, tscinvbit, bmi1, bmi2, adx, fma

Memory: 4k page, system-wide physical 7848M (362M free)
TotalPageFile size 15270M (AvailPageFile size 61M)
current process WorkingSet (physical memory assigned to process): 10M, peak: 10M
current process commit charge ("private bytes"): 51M, peak: 175M

vm_info: OpenJDK 64-Bit Server VM (11.0.14.1+10-LTS) for windows-amd64 JRE (11.0.14.1+10-LTS), built on Feb  8 2022 00:13:20 by "Administrator" with unknown MS VC++:1916

END.
